Using pre-set license
Built from '2020.3/staging' branch; Version is '2020.3.19f1 (68f137dc9bbe) revision 6877495'; Using compiler version '192528614'; Build Type 'Release'
OS: 'Windows 10 Education; OS build 19041.1288; Version 2004; 64bit' Language: 'en' Physical Memory: 16234 MB
BatchMode: 1, IsHumanControllingUs: 0, StartBugReporterOnCrash: 0, Is64bit: 1, IsPro: 0

COMMAND LINE ARGUMENTS:
C:\Program Files\Unity\Hub\Editor\2020.3.19f1\Editor\Unity.exe
-adb2
-batchMode
-noUpm
-name
AssetImportWorker0
-projectPath
D:/Facultate/AN 3/IMR/Projects/Protoype
-logFile
Logs/AssetImportWorker0.log
-srvPort
55677
Successfully changed project path to: D:/Facultate/AN 3/IMR/Projects/Protoype
D:/Facultate/AN 3/IMR/Projects/Protoype
Using Asset Import Pipeline V2.
Refreshing native plugins compatible for Editor in 46.24 ms, found 8 plugins.
Preloading 0 native plugins for Editor in 0.00 ms.
Initialize engine version: 2020.3.19f1 (68f137dc9bbe)
[Subsystems] Discovering subsystems at path C:/Program Files/Unity/Hub/Editor/2020.3.19f1/Editor/Data/Resources/UnitySubsystems
[Subsystems] Discovering subsystems at path D:/Facultate/AN 3/IMR/Projects/Protoype/Assets
GfxDevice: creating device client; threaded=0
Direct3D:
    Version:  Direct3D 11.0 [level 11.1]
    Renderer: NVIDIA GeForce GTX 1660 Ti (ID=0x2191)
    Vendor:   
    VRAM:     5991 MB
    Driver:   27.21.14.5763
Initialize mono
Mono path[0] = 'C:/Program Files/Unity/Hub/Editor/2020.3.19f1/Editor/Data/Managed'
Mono path[1] = 'C:/Program Files/Unity/Hub/Editor/2020.3.19f1/Editor/Data/MonoBleedingEdge/lib/mono/unityjit'
Mono config path = 'C:/Program Files/Unity/Hub/Editor/2020.3.19f1/Editor/Data/MonoBleedingEdge/etc'
Using monoOptions --debugger-agent=transport=dt_socket,embedding=1,server=y,suspend=n,address=127.0.0.1:56260
Begin MonoManager ReloadAssembly
Registering precompiled unity dll's ...
Register platform support module: C:/Program Files/Unity/Hub/Editor/2020.3.19f1/Editor/Data/PlaybackEngines/WindowsStandaloneSupport/UnityEditor.WindowsStandalone.Extensions.dll
Registered in 0.002376 seconds.
Native extension for WindowsStandalone target not found
Refreshing native plugins compatible for Editor in 42.43 ms, found 8 plugins.
Preloading 0 native plugins for Editor in 0.00 ms.
Mono: successfully reloaded assembly
- Completed reload, in  1.755 seconds
Domain Reload Profiling:
	ReloadAssembly (1755ms)
		BeginReloadAssembly (51ms)
			ExecutionOrderSort (0ms)
			DisableScriptedObjects (0ms)
			BackupInstance (0ms)
			ReleaseScriptingObjects (0ms)
			CreateAndSetChildDomain (1ms)
		EndReloadAssembly (392ms)
			LoadAssemblies (49ms)
			RebuildTransferFunctionScriptingTraits (0ms)
			SetupTypeCache (138ms)
			ReleaseScriptCaches (0ms)
			RebuildScriptCaches (28ms)
			SetupLoadedEditorAssemblies (161ms)
				LogAssemblyErrors (0ms)
				InitializePlatformSupportModulesInManaged (4ms)
				SetLoadedEditorAssemblies (0ms)
				RefreshPlugins (43ms)
				BeforeProcessingInitializeOnLoad (9ms)
				ProcessInitializeOnLoadAttributes (77ms)
				ProcessInitializeOnLoadMethodAttributes (27ms)
				AfterProcessingInitializeOnLoad (0ms)
				EditorAssembliesLoaded (0ms)
			ExecutionOrderSort2 (0ms)
			AwakeInstancesAfterBackupRestoration (0ms)
Platform modules already initialized, skipping
Registering precompiled user dll's ...
Registered in 0.004856 seconds.
Begin MonoManager ReloadAssembly
Native extension for WindowsStandalone target not found
Refreshing native plugins compatible for Editor in 40.03 ms, found 8 plugins.
Preloading 0 native plugins for Editor in 0.00 ms.
Mono: successfully reloaded assembly
- Completed reload, in  1.089 seconds
Domain Reload Profiling:
	ReloadAssembly (1090ms)
		BeginReloadAssembly (135ms)
			ExecutionOrderSort (0ms)
			DisableScriptedObjects (4ms)
			BackupInstance (0ms)
			ReleaseScriptingObjects (0ms)
			CreateAndSetChildDomain (17ms)
		EndReloadAssembly (896ms)
			LoadAssemblies (84ms)
			RebuildTransferFunctionScriptingTraits (0ms)
			SetupTypeCache (276ms)
			ReleaseScriptCaches (1ms)
			RebuildScriptCaches (47ms)
			SetupLoadedEditorAssemblies (369ms)
				LogAssemblyErrors (0ms)
				InitializePlatformSupportModulesInManaged (4ms)
				SetLoadedEditorAssemblies (0ms)
				RefreshPlugins (40ms)
				BeforeProcessingInitializeOnLoad (66ms)
				ProcessInitializeOnLoadAttributes (247ms)
				ProcessInitializeOnLoadMethodAttributes (5ms)
				AfterProcessingInitializeOnLoad (7ms)
				EditorAssembliesLoaded (0ms)
			ExecutionOrderSort2 (0ms)
			AwakeInstancesAfterBackupRestoration (6ms)
Platform modules already initialized, skipping
========================================================================
Worker process is ready to serve import requests
Launched and connected shader compiler UnityShaderCompiler.exe after 0.16 seconds
Refreshing native plugins compatible for Editor in 0.59 ms, found 8 plugins.
Preloading 0 native plugins for Editor in 0.00 ms.
Unloading 2386 Unused Serialized files (Serialized files now loaded: 0)
System memory in use before: 114.8 MB.
System memory in use after: 115.0 MB.

Unloading 37 unused Assets to reduce memory usage. Loaded Objects now: 2846.
Total: 4.577300 ms (FindLiveObjects: 0.232700 ms CreateObjectMapping: 0.110400 ms MarkObjects: 4.090500 ms  DeleteObjects: 0.142600 ms)

AssetImportParameters requested are different than current active one (requested -> active):
  custom:framework-win-MediaFoundation: 216162199b28c13a410421893ffa2e32 -> 
  custom:video-decoder-ogg-theora: a1e56fd34408186e4bbccfd4996cb3dc -> 
  custom:container-muxer-webm: aa71ff27fc2769a1b78a27578f13a17b -> 
  custom:container-demuxer-webm: 4f35f7cbe854078d1ac9338744f61a02 -> 
  custom:container-demuxer-ogg: 62fdf1f143b41e24485cea50d1cbac27 -> 
  custom:video-encoder-webm-vp8: eb34c28f22e8b96e1ab97ce403110664 -> 
  custom:video-decoder-webm-vp8: 9c59270c3fd7afecdb556c50c9e8de78 -> 
  custom:audio-decoder-ogg-vorbis: bf7c407c2cedff20999df2af8eb42d56 -> 
  custom:audio-encoder-webm-vorbis: bf7c407c2cedff20999df2af8eb42d56 -> 
========================================================================
Received Import Request.
  path: Assets/XR
  artifactKey: Guid(43033f18a8b30af48b92fd1fd0986cd2) Importer(815301076,1909f56bfc062723c751e8b465ee728b)
Start importing Assets/XR using Guid(43033f18a8b30af48b92fd1fd0986cd2) Importer(815301076,1909f56bfc062723c751e8b465ee728b)  -> (artifact id: 'd55385f1d09ed4de78ad2cddb9e9e99f') in 0.005638 seconds 
  Import took 0.009981 seconds .

========================================================================
Received Import Request.
  Time since last request: 0.000306 seconds.
  path: Assets/Scenes
  artifactKey: Guid(ff4d22adfd4ade543918ccc0feec03b1) Importer(815301076,1909f56bfc062723c751e8b465ee728b)
Start importing Assets/Scenes using Guid(ff4d22adfd4ade543918ccc0feec03b1) Importer(815301076,1909f56bfc062723c751e8b465ee728b)  -> (artifact id: '1b17baa595c949dd9f4edd77dd2fa769') in 0.002844 seconds 
  Import took 0.006821 seconds .

========================================================================
Received Import Request.
  Time since last request: 1.168443 seconds.
  path: Assets/Scripts/BallInMovement.cs
  artifactKey: Guid(6dd2ec9a367a8bc49b00f84cbb2335c2) Importer(815301076,1909f56bfc062723c751e8b465ee728b)
Start importing Assets/Scripts/BallInMovement.cs using Guid(6dd2ec9a367a8bc49b00f84cbb2335c2) Importer(815301076,1909f56bfc062723c751e8b465ee728b)  -> (artifact id: '0a75fa957c7dc743cbe08356ec54e297') in 0.060938 seconds 
  Import took 0.064728 seconds .

========================================================================
Received Prepare
Registering precompiled user dll's ...
Registered in 0.005497 seconds.
Begin MonoManager ReloadAssembly
Native extension for WindowsStandalone target not found
Refreshing native plugins compatible for Editor in 0.61 ms, found 8 plugins.
Preloading 0 native plugins for Editor in 0.00 ms.
Mono: successfully reloaded assembly
- Completed reload, in  0.992 seconds
Domain Reload Profiling:
	ReloadAssembly (993ms)
		BeginReloadAssembly (112ms)
			ExecutionOrderSort (0ms)
			DisableScriptedObjects (4ms)
			BackupInstance (0ms)
			ReleaseScriptingObjects (0ms)
			CreateAndSetChildDomain (32ms)
		EndReloadAssembly (821ms)
			LoadAssemblies (85ms)
			RebuildTransferFunctionScriptingTraits (0ms)
			SetupTypeCache (277ms)
			ReleaseScriptCaches (1ms)
			RebuildScriptCaches (38ms)
			SetupLoadedEditorAssemblies (307ms)
				LogAssemblyErrors (0ms)
				InitializePlatformSupportModulesInManaged (4ms)
				SetLoadedEditorAssemblies (0ms)
				RefreshPlugins (1ms)
				BeforeProcessingInitializeOnLoad (54ms)
				ProcessInitializeOnLoadAttributes (236ms)
				ProcessInitializeOnLoadMethodAttributes (5ms)
				AfterProcessingInitializeOnLoad (7ms)
				EditorAssembliesLoaded (0ms)
			ExecutionOrderSort2 (0ms)
			AwakeInstancesAfterBackupRestoration (8ms)
Platform modules already initialized, skipping
Refreshing native plugins compatible for Editor in 0.81 ms, found 8 plugins.
Preloading 0 native plugins for Editor in 0.00 ms.
Unloading 2345 Unused Serialized files (Serialized files now loaded: 0)
System memory in use before: 112.3 MB.
System memory in use after: 112.5 MB.

Unloading 31 unused Assets to reduce memory usage. Loaded Objects now: 2848.
Total: 3.368800 ms (FindLiveObjects: 0.251400 ms CreateObjectMapping: 0.094600 ms MarkObjects: 2.935200 ms  DeleteObjects: 0.086700 ms)

AssetImportParameters requested are different than current active one (requested -> active):
  custom:framework-win-MediaFoundation: 216162199b28c13a410421893ffa2e32 -> 
  custom:video-decoder-ogg-theora: a1e56fd34408186e4bbccfd4996cb3dc -> 
  custom:container-muxer-webm: aa71ff27fc2769a1b78a27578f13a17b -> 
  custom:container-demuxer-webm: 4f35f7cbe854078d1ac9338744f61a02 -> 
  custom:container-demuxer-ogg: 62fdf1f143b41e24485cea50d1cbac27 -> 
  custom:video-encoder-webm-vp8: eb34c28f22e8b96e1ab97ce403110664 -> 
  custom:video-decoder-webm-vp8: 9c59270c3fd7afecdb556c50c9e8de78 -> 
  custom:audio-decoder-ogg-vorbis: bf7c407c2cedff20999df2af8eb42d56 -> 
  custom:audio-encoder-webm-vorbis: bf7c407c2cedff20999df2af8eb42d56 -> 
========================================================================
Received Import Request.
  Time since last request: 7.788884 seconds.
  path: Assets/ProBuilder Data
  artifactKey: Guid(bcee6f947a84c95479c52c0014fa42d1) Importer(815301076,1909f56bfc062723c751e8b465ee728b)
Start importing Assets/ProBuilder Data using Guid(bcee6f947a84c95479c52c0014fa42d1) Importer(815301076,1909f56bfc062723c751e8b465ee728b)  -> (artifact id: '36ff332fe62c8739ecc04b8cc6b31da0') in 0.005296 seconds 
  Import took 0.009117 seconds .

========================================================================
Received Import Request.
  Time since last request: 0.041585 seconds.
  path: Assets/ProBuilder Data/Default Material Palette.asset
  artifactKey: Guid(380f198ddb294804289d70f206f78448) Importer(815301076,1909f56bfc062723c751e8b465ee728b)
Start importing Assets/ProBuilder Data/Default Material Palette.asset using Guid(380f198ddb294804289d70f206f78448) Importer(815301076,1909f56bfc062723c751e8b465ee728b)  -> (artifact id: '5c095f4ce3f32779b5703839ad79e745') in 0.016776 seconds 
  Import took 0.020318 seconds .

========================================================================
Received Import Request.
  Time since last request: 1.760439 seconds.
  path: Assets/Materials/New Material 2.mat
  artifactKey: Guid(ac7ce066ac3c8ae4dbd7fb64f436e503) Importer(815301076,1909f56bfc062723c751e8b465ee728b)
Start importing Assets/Materials/New Material 2.mat using Guid(ac7ce066ac3c8ae4dbd7fb64f436e503) Importer(815301076,1909f56bfc062723c751e8b465ee728b)  -> (artifact id: 'a1d10a8b9d4a1105e6e63c95d6583541') in 0.084639 seconds 
  Import took 0.089176 seconds .

========================================================================
Received Import Request.
  Time since last request: 36.445597 seconds.
  path: Assets/prototype1.fbx
  artifactKey: Guid(f422deb5e4a6a7647b100632c3b894fb) Importer(815301076,1909f56bfc062723c751e8b465ee728b)
Start importing Assets/prototype1.fbx using Guid(f422deb5e4a6a7647b100632c3b894fb) Importer(815301076,1909f56bfc062723c751e8b465ee728b)  -> (artifact id: 'e69fcc6a2e7808ac773396fec8716974') in 1.376308 seconds 
  Import took 1.381817 seconds .

========================================================================
Received Import Request.
  Time since last request: 155.030346 seconds.
  path: Assets/Street_View_360_1.jpg
  artifactKey: Guid(3526884df16def04b8e90645e39aa09b) Importer(815301076,1909f56bfc062723c751e8b465ee728b)
Start importing Assets/Street_View_360_1.jpg using Guid(3526884df16def04b8e90645e39aa09b) Importer(815301076,1909f56bfc062723c751e8b465ee728b)  -> (artifact id: '48fee477aec17a251b96bb492fcd89a3') in 0.026867 seconds 
  Import took 0.032412 seconds .

========================================================================
Received Import Request.
  Time since last request: 584.560621 seconds.
  path: Assets/hard-puzzle-prototype1.fbx
  artifactKey: Guid(b34b21a5abca2744a8d9c7a705e08854) Importer(815301076,1909f56bfc062723c751e8b465ee728b)
Start importing Assets/hard-puzzle-prototype1.fbx using Guid(b34b21a5abca2744a8d9c7a705e08854) Importer(815301076,1909f56bfc062723c751e8b465ee728b)  -> (artifact id: '438a6e62f1bd06b0d2c4281d2e1305aa') in 1.125712 seconds 
  Import took 1.132297 seconds .

========================================================================
Received Import Request.
  Time since last request: 409.216626 seconds.
  path: Assets/Materials/Materials/Street_View_360_2.mat
  artifactKey: Guid(172f29c507380bb4ab0962eee5ab5b5e) Importer(815301076,1909f56bfc062723c751e8b465ee728b)
Start importing Assets/Materials/Materials/Street_View_360_2.mat using Guid(172f29c507380bb4ab0962eee5ab5b5e) Importer(815301076,1909f56bfc062723c751e8b465ee728b)  -> (artifact id: 'ff6d1ae31225219bd8146310eaef9726') in 0.012607 seconds 
  Import took 0.017356 seconds .

========================================================================
Received Import Request.
  Time since last request: 0.000258 seconds.
  path: Assets/Materials/Materials/Street_View_360_16.mat
  artifactKey: Guid(40b06efe7aab9d04387465ecfb7eb290) Importer(815301076,1909f56bfc062723c751e8b465ee728b)
Start importing Assets/Materials/Materials/Street_View_360_16.mat using Guid(40b06efe7aab9d04387465ecfb7eb290) Importer(815301076,1909f56bfc062723c751e8b465ee728b)  -> (artifact id: '1ba005a17fedf9abc31c3d78d2bcded6') in 0.013955 seconds 
  Import took 0.018074 seconds .

========================================================================
Received Import Request.
  Time since last request: 0.000325 seconds.
  path: Assets/Materials/Materials/Street_View_360_8.mat
  artifactKey: Guid(cf571be5697a3354386c0c6f5dccbbae) Importer(815301076,1909f56bfc062723c751e8b465ee728b)
Start importing Assets/Materials/Materials/Street_View_360_8.mat using Guid(cf571be5697a3354386c0c6f5dccbbae) Importer(815301076,1909f56bfc062723c751e8b465ee728b)  -> (artifact id: '1cbe962f59c99029a8f767316c34ae85') in 0.013500 seconds 
  Import took 0.018138 seconds .

========================================================================
Received Import Request.
  Time since last request: 0.000227 seconds.
  path: Assets/Materials/Materials/Street_View_360_12.mat
  artifactKey: Guid(b47b101149b331648b602ad3122c3856) Importer(815301076,1909f56bfc062723c751e8b465ee728b)
Start importing Assets/Materials/Materials/Street_View_360_12.mat using Guid(b47b101149b331648b602ad3122c3856) Importer(815301076,1909f56bfc062723c751e8b465ee728b)  -> (artifact id: 'c9e6e19fd55060dc82a252cb813fc0fd') in 0.017981 seconds 
  Import took 0.022617 seconds .

========================================================================
Received Import Request.
  Time since last request: 0.000349 seconds.
  path: Assets/Materials/Materials/Street_View_360_14.mat
  artifactKey: Guid(54ad96a12705d7d469466821da497c58) Importer(815301076,1909f56bfc062723c751e8b465ee728b)
Start importing Assets/Materials/Materials/Street_View_360_14.mat using Guid(54ad96a12705d7d469466821da497c58) Importer(815301076,1909f56bfc062723c751e8b465ee728b)  -> (artifact id: 'd3fbf6cd11257b72029b5dfe796c325f') in 0.012119 seconds 
  Import took 0.019405 seconds .

========================================================================
Received Import Request.
  Time since last request: 0.000278 seconds.
  path: Assets/Materials/Materials/Street_View_360_3.mat
  artifactKey: Guid(da591e9b958534645a1c563b25062968) Importer(815301076,1909f56bfc062723c751e8b465ee728b)
Start importing Assets/Materials/Materials/Street_View_360_3.mat using Guid(da591e9b958534645a1c563b25062968) Importer(815301076,1909f56bfc062723c751e8b465ee728b)  -> (artifact id: '0078134fae8a66f31d1d7cd5916c9627') in 0.012078 seconds 
  Import took 0.016201 seconds .

========================================================================
Received Import Request.
  Time since last request: 0.000170 seconds.
  path: Assets/Materials/Materials/Street_View_360_11.mat
  artifactKey: Guid(6990f7ea6549383498c4b895ef249a9e) Importer(815301076,1909f56bfc062723c751e8b465ee728b)
Start importing Assets/Materials/Materials/Street_View_360_11.mat using Guid(6990f7ea6549383498c4b895ef249a9e) Importer(815301076,1909f56bfc062723c751e8b465ee728b)  -> (artifact id: 'f6e2b6cb06e6b044387f8a9e480ead4e') in 0.013667 seconds 
  Import took 0.018221 seconds .

========================================================================
Received Import Request.
  Time since last request: 0.000280 seconds.
  path: Assets/Materials/Materials/Street_View_360_9.mat
  artifactKey: Guid(063b6d0cb6ea3384dbeaa93510d6a88c) Importer(815301076,1909f56bfc062723c751e8b465ee728b)
Start importing Assets/Materials/Materials/Street_View_360_9.mat using Guid(063b6d0cb6ea3384dbeaa93510d6a88c) Importer(815301076,1909f56bfc062723c751e8b465ee728b)  -> (artifact id: 'e131ba50e27095a4cea4134729a6ee6a') in 0.011862 seconds 
  Import took 0.016022 seconds .

========================================================================
Received Import Request.
  Time since last request: 0.000220 seconds.
  path: Assets/Materials/Materials/Street_View_360_5.mat
  artifactKey: Guid(c9082ac460670cf40a76632b9990c4d4) Importer(815301076,1909f56bfc062723c751e8b465ee728b)
Start importing Assets/Materials/Materials/Street_View_360_5.mat using Guid(c9082ac460670cf40a76632b9990c4d4) Importer(815301076,1909f56bfc062723c751e8b465ee728b)  -> (artifact id: '4ac9efffd7e15b9d97b92d4d3bf0131e') in 0.013403 seconds 
  Import took 0.017501 seconds .

========================================================================
Received Import Request.
  Time since last request: 0.000274 seconds.
  path: Assets/Materials/Materials/Street_View_360_19.mat
  artifactKey: Guid(5b1dd5c49854a5643b24f17bcb3a7be3) Importer(815301076,1909f56bfc062723c751e8b465ee728b)
Start importing Assets/Materials/Materials/Street_View_360_19.mat using Guid(5b1dd5c49854a5643b24f17bcb3a7be3) Importer(815301076,1909f56bfc062723c751e8b465ee728b)  -> (artifact id: '9d729fa073122fdf4cb517422eee37ba') in 0.010978 seconds 
  Import took 0.014689 seconds .

========================================================================
Received Import Request.
  Time since last request: 0.000261 seconds.
  path: Assets/Materials/Materials/Street_View_360_20.mat
  artifactKey: Guid(f4d9d8b9053c7cf44b105f611bf49c41) Importer(815301076,1909f56bfc062723c751e8b465ee728b)
Start importing Assets/Materials/Materials/Street_View_360_20.mat using Guid(f4d9d8b9053c7cf44b105f611bf49c41) Importer(815301076,1909f56bfc062723c751e8b465ee728b)  -> (artifact id: '04ebe3af216bcf686a8864fd29f16653') in 0.012416 seconds 
  Import took 0.016037 seconds .

========================================================================
Received Import Request.
  Time since last request: 0.000246 seconds.
  path: Assets/Materials/Materials/Street_View_360_7.mat
  artifactKey: Guid(75daff46aa60c644db25cdd7b7d8ec12) Importer(815301076,1909f56bfc062723c751e8b465ee728b)
Start importing Assets/Materials/Materials/Street_View_360_7.mat using Guid(75daff46aa60c644db25cdd7b7d8ec12) Importer(815301076,1909f56bfc062723c751e8b465ee728b)  -> (artifact id: '9800b540fc3ff907708d6bae0f43496f') in 0.011451 seconds 
  Import took 0.015567 seconds .

========================================================================
Received Import Request.
  Time since last request: 0.000267 seconds.
  path: Assets/Materials/Materials/Street_View_360_10.mat
  artifactKey: Guid(11f6f1ebff977da469d8758125ffce7d) Importer(815301076,1909f56bfc062723c751e8b465ee728b)
Start importing Assets/Materials/Materials/Street_View_360_10.mat using Guid(11f6f1ebff977da469d8758125ffce7d) Importer(815301076,1909f56bfc062723c751e8b465ee728b)  -> (artifact id: 'b81fe4a0c4d4222244973a9541d2c13a') in 0.015884 seconds 
  Import took 0.020336 seconds .

========================================================================
Received Import Request.
  Time since last request: 0.000390 seconds.
  path: Assets/Materials/Materials/Street_View_360_17.mat
  artifactKey: Guid(7736977b4a2aeb441ad19665ff6ab806) Importer(815301076,1909f56bfc062723c751e8b465ee728b)
Start importing Assets/Materials/Materials/Street_View_360_17.mat using Guid(7736977b4a2aeb441ad19665ff6ab806) Importer(815301076,1909f56bfc062723c751e8b465ee728b)  -> (artifact id: '48a41c69b32b12f3e1e53ab219c32be1') in 0.011347 seconds 
  Import took 0.015602 seconds .

========================================================================
Received Import Request.
  Time since last request: 0.000257 seconds.
  path: Assets/Materials/Materials/Street_View_360_13.mat
  artifactKey: Guid(bf89acdf55aab904e8fa02d459e93355) Importer(815301076,1909f56bfc062723c751e8b465ee728b)
Start importing Assets/Materials/Materials/Street_View_360_13.mat using Guid(bf89acdf55aab904e8fa02d459e93355) Importer(815301076,1909f56bfc062723c751e8b465ee728b)  -> (artifact id: '3086c1ec0575f777086bd51d5dcb1e6f') in 0.012249 seconds 
  Import took 0.018922 seconds .

========================================================================
Received Import Request.
  Time since last request: 0.000281 seconds.
  path: Assets/Materials/Materials/Street_View_360_6.mat
  artifactKey: Guid(d06da061ed6dd444ead73bceefc7efe3) Importer(815301076,1909f56bfc062723c751e8b465ee728b)
Start importing Assets/Materials/Materials/Street_View_360_6.mat using Guid(d06da061ed6dd444ead73bceefc7efe3) Importer(815301076,1909f56bfc062723c751e8b465ee728b)  -> (artifact id: '3eda2a82f76bc1e59a2c7b4c7e244e81') in 0.012063 seconds 
  Import took 0.016512 seconds .

========================================================================
Received Import Request.
  Time since last request: 0.000265 seconds.
  path: Assets/Materials/Materials/Street_View_360_15.mat
  artifactKey: Guid(4decccac8b843e54bb001b1141133adf) Importer(815301076,1909f56bfc062723c751e8b465ee728b)
Start importing Assets/Materials/Materials/Street_View_360_15.mat using Guid(4decccac8b843e54bb001b1141133adf) Importer(815301076,1909f56bfc062723c751e8b465ee728b)  -> (artifact id: 'cf4ef143d6355e6e35af9337f46d56de') in 0.013036 seconds 
  Import took 0.016978 seconds .

========================================================================
Received Import Request.
  Time since last request: 0.000275 seconds.
  path: Assets/Materials/Materials/Street_View_360_18.mat
  artifactKey: Guid(7360c50c04ed42540b27e640b62eac5a) Importer(815301076,1909f56bfc062723c751e8b465ee728b)
Start importing Assets/Materials/Materials/Street_View_360_18.mat using Guid(7360c50c04ed42540b27e640b62eac5a) Importer(815301076,1909f56bfc062723c751e8b465ee728b)  -> (artifact id: '03419e4e4388a84779efbfd5df1c044f') in 0.013158 seconds 
  Import took 0.017513 seconds .

========================================================================
Received Import Request.
  Time since last request: 0.000288 seconds.
  path: Assets/Materials/Materials/Street_View_360_4.mat
  artifactKey: Guid(b2b8777b68746b440a2979080076cd70) Importer(815301076,1909f56bfc062723c751e8b465ee728b)
Start importing Assets/Materials/Materials/Street_View_360_4.mat using Guid(b2b8777b68746b440a2979080076cd70) Importer(815301076,1909f56bfc062723c751e8b465ee728b)  -> (artifact id: 'c57b89a131016216213c75c79c0802e3') in 0.016211 seconds 
  Import took 0.021246 seconds .

========================================================================
Received Import Request.
  Time since last request: 110.287338 seconds.
  path: Assets/Scripts/SetMaterial.cs
  artifactKey: Guid(9de25d6040f832f4bb6a629075c00255) Importer(815301076,1909f56bfc062723c751e8b465ee728b)
Start importing Assets/Scripts/SetMaterial.cs using Guid(9de25d6040f832f4bb6a629075c00255) Importer(815301076,1909f56bfc062723c751e8b465ee728b)  -> (artifact id: 'c82e21fdda8225651d7cac4f553c317f') in 0.003419 seconds 
  Import took 0.007168 seconds .

========================================================================
Received Prepare
Registering precompiled user dll's ...
Registered in 0.013461 seconds.
Begin MonoManager ReloadAssembly
Native extension for WindowsStandalone target not found
Refreshing native plugins compatible for Editor in 0.67 ms, found 8 plugins.
Preloading 0 native plugins for Editor in 0.00 ms.
Mono: successfully reloaded assembly
- Completed reload, in  1.077 seconds
Domain Reload Profiling:
	ReloadAssembly (1077ms)
		BeginReloadAssembly (124ms)
			ExecutionOrderSort (0ms)
			DisableScriptedObjects (4ms)
			BackupInstance (0ms)
			ReleaseScriptingObjects (0ms)
			CreateAndSetChildDomain (38ms)
		EndReloadAssembly (877ms)
			LoadAssemblies (97ms)
			RebuildTransferFunctionScriptingTraits (0ms)
			SetupTypeCache (306ms)
			ReleaseScriptCaches (1ms)
			RebuildScriptCaches (38ms)
			SetupLoadedEditorAssemblies (322ms)
				LogAssemblyErrors (0ms)
				InitializePlatformSupportModulesInManaged (4ms)
				SetLoadedEditorAssemblies (0ms)
				RefreshPlugins (1ms)
				BeforeProcessingInitializeOnLoad (60ms)
				ProcessInitializeOnLoadAttributes (244ms)
				ProcessInitializeOnLoadMethodAttributes (5ms)
				AfterProcessingInitializeOnLoad (8ms)
				EditorAssembliesLoaded (0ms)
			ExecutionOrderSort2 (0ms)
			AwakeInstancesAfterBackupRestoration (10ms)
Platform modules already initialized, skipping
Refreshing native plugins compatible for Editor in 0.67 ms, found 8 plugins.
Preloading 0 native plugins for Editor in 0.00 ms.
Unloading 2346 Unused Serialized files (Serialized files now loaded: 0)
System memory in use before: 116.3 MB.
System memory in use after: 116.5 MB.

Unloading 31 unused Assets to reduce memory usage. Loaded Objects now: 2897.
Total: 3.184500 ms (FindLiveObjects: 0.276100 ms CreateObjectMapping: 0.123400 ms MarkObjects: 2.682700 ms  DeleteObjects: 0.101300 ms)

AssetImportParameters requested are different than current active one (requested -> active):
  custom:framework-win-MediaFoundation: 216162199b28c13a410421893ffa2e32 -> 
  custom:video-decoder-ogg-theora: a1e56fd34408186e4bbccfd4996cb3dc -> 
  custom:container-muxer-webm: aa71ff27fc2769a1b78a27578f13a17b -> 
  custom:container-demuxer-webm: 4f35f7cbe854078d1ac9338744f61a02 -> 
  custom:container-demuxer-ogg: 62fdf1f143b41e24485cea50d1cbac27 -> 
  custom:video-encoder-webm-vp8: eb34c28f22e8b96e1ab97ce403110664 -> 
  custom:video-decoder-webm-vp8: 9c59270c3fd7afecdb556c50c9e8de78 -> 
  custom:audio-decoder-ogg-vorbis: bf7c407c2cedff20999df2af8eb42d56 -> 
  custom:audio-encoder-webm-vorbis: bf7c407c2cedff20999df2af8eb42d56 -> 
========================================================================
Received Prepare
Registering precompiled user dll's ...
Registered in 0.004789 seconds.
Begin MonoManager ReloadAssembly
Native extension for WindowsStandalone target not found
Refreshing native plugins compatible for Editor in 0.94 ms, found 8 plugins.
Preloading 0 native plugins for Editor in 0.00 ms.
Mono: successfully reloaded assembly
- Completed reload, in  1.091 seconds
Domain Reload Profiling:
	ReloadAssembly (1092ms)
		BeginReloadAssembly (113ms)
			ExecutionOrderSort (0ms)
			DisableScriptedObjects (4ms)
			BackupInstance (0ms)
			ReleaseScriptingObjects (0ms)
			CreateAndSetChildDomain (40ms)
		EndReloadAssembly (915ms)
			LoadAssemblies (82ms)
			RebuildTransferFunctionScriptingTraits (0ms)
			SetupTypeCache (332ms)
			ReleaseScriptCaches (1ms)
			RebuildScriptCaches (40ms)
			SetupLoadedEditorAssemblies (318ms)
				LogAssemblyErrors (0ms)
				InitializePlatformSupportModulesInManaged (5ms)
				SetLoadedEditorAssemblies (0ms)
				RefreshPlugins (1ms)
				BeforeProcessingInitializeOnLoad (61ms)
				ProcessInitializeOnLoadAttributes (238ms)
				ProcessInitializeOnLoadMethodAttributes (5ms)
				AfterProcessingInitializeOnLoad (7ms)
				EditorAssembliesLoaded (0ms)
			ExecutionOrderSort2 (0ms)
			AwakeInstancesAfterBackupRestoration (9ms)
Platform modules already initialized, skipping
Refreshing native plugins compatible for Editor in 0.62 ms, found 8 plugins.
Preloading 0 native plugins for Editor in 0.00 ms.
Unloading 2346 Unused Serialized files (Serialized files now loaded: 0)
System memory in use before: 116.3 MB.
System memory in use after: 116.5 MB.

Unloading 30 unused Assets to reduce memory usage. Loaded Objects now: 2900.
Total: 2.978800 ms (FindLiveObjects: 0.218800 ms CreateObjectMapping: 0.099000 ms MarkObjects: 2.577200 ms  DeleteObjects: 0.082900 ms)

AssetImportParameters requested are different than current active one (requested -> active):
  custom:framework-win-MediaFoundation: 216162199b28c13a410421893ffa2e32 -> 
  custom:video-decoder-ogg-theora: a1e56fd34408186e4bbccfd4996cb3dc -> 
  custom:container-muxer-webm: aa71ff27fc2769a1b78a27578f13a17b -> 
  custom:container-demuxer-webm: 4f35f7cbe854078d1ac9338744f61a02 -> 
  custom:container-demuxer-ogg: 62fdf1f143b41e24485cea50d1cbac27 -> 
  custom:video-encoder-webm-vp8: eb34c28f22e8b96e1ab97ce403110664 -> 
  custom:video-decoder-webm-vp8: 9c59270c3fd7afecdb556c50c9e8de78 -> 
  custom:audio-decoder-ogg-vorbis: bf7c407c2cedff20999df2af8eb42d56 -> 
  custom:audio-encoder-webm-vorbis: bf7c407c2cedff20999df2af8eb42d56 -> 
========================================================================
Received Import Request.
  Time since last request: 87.529073 seconds.
  path: Assets/Lab3.unity
  artifactKey: Guid(3e205c3cc7cbc4f45838183e2cd663dd) Importer(815301076,1909f56bfc062723c751e8b465ee728b)
Start importing Assets/Lab3.unity using Guid(3e205c3cc7cbc4f45838183e2cd663dd) Importer(815301076,1909f56bfc062723c751e8b465ee728b)  -> (artifact id: 'c7431d60356650b361e292b9b3b148a2') in 0.015992 seconds 
  Import took 0.020457 seconds .

========================================================================
Received Import Request.
  Time since last request: 14.009907 seconds.
  path: Assets/prototype3-added-solidify-before-split.fbx
  artifactKey: Guid(5ad59c3f63135a644b7c0b16478d2094) Importer(815301076,1909f56bfc062723c751e8b465ee728b)
Start importing Assets/prototype3-added-solidify-before-split.fbx using Guid(5ad59c3f63135a644b7c0b16478d2094) Importer(815301076,1909f56bfc062723c751e8b465ee728b)  -> (artifact id: 'ab7ce5900c4d03a97d2134930bd732c2') in 0.134955 seconds 
  Import took 0.139727 seconds .

========================================================================
Received Import Request.
  Time since last request: 83.290335 seconds.
  path: Assets/prototype3-added-solidify-before-split.fbx
  artifactKey: Guid(5ad59c3f63135a644b7c0b16478d2094) Importer(815301076,1909f56bfc062723c751e8b465ee728b)
Start importing Assets/prototype3-added-solidify-before-split.fbx using Guid(5ad59c3f63135a644b7c0b16478d2094) Importer(815301076,1909f56bfc062723c751e8b465ee728b)  -> (artifact id: '0ac931db49f00c85835b39509b205021') in 0.045727 seconds 
  Import took 0.049303 seconds .

========================================================================
Received Prepare
Registering precompiled user dll's ...
Registered in 0.005514 seconds.
Begin MonoManager ReloadAssembly
Native extension for WindowsStandalone target not found
Refreshing native plugins compatible for Editor in 0.97 ms, found 8 plugins.
Preloading 0 native plugins for Editor in 0.00 ms.
Mono: successfully reloaded assembly
- Completed reload, in  1.274 seconds
Domain Reload Profiling:
	ReloadAssembly (1275ms)
		BeginReloadAssembly (148ms)
			ExecutionOrderSort (0ms)
			DisableScriptedObjects (4ms)
			BackupInstance (0ms)
			ReleaseScriptingObjects (0ms)
			CreateAndSetChildDomain (51ms)
		EndReloadAssembly (1055ms)
			LoadAssemblies (112ms)
			RebuildTransferFunctionScriptingTraits (0ms)
			SetupTypeCache (333ms)
			ReleaseScriptCaches (1ms)
			RebuildScriptCaches (58ms)
			SetupLoadedEditorAssemblies (385ms)
				LogAssemblyErrors (0ms)
				InitializePlatformSupportModulesInManaged (6ms)
				SetLoadedEditorAssemblies (1ms)
				RefreshPlugins (1ms)
				BeforeProcessingInitializeOnLoad (65ms)
				ProcessInitializeOnLoadAttributes (298ms)
				ProcessInitializeOnLoadMethodAttributes (6ms)
				AfterProcessingInitializeOnLoad (7ms)
				EditorAssembliesLoaded (0ms)
			ExecutionOrderSort2 (0ms)
			AwakeInstancesAfterBackupRestoration (10ms)
Platform modules already initialized, skipping
Refreshing native plugins compatible for Editor in 0.70 ms, found 8 plugins.
Preloading 0 native plugins for Editor in 0.00 ms.
Unloading 2346 Unused Serialized files (Serialized files now loaded: 0)
System memory in use before: 116.4 MB.
System memory in use after: 116.5 MB.

Unloading 31 unused Assets to reduce memory usage. Loaded Objects now: 2904.
Total: 4.419600 ms (FindLiveObjects: 0.401200 ms CreateObjectMapping: 0.233400 ms MarkObjects: 3.668400 ms  DeleteObjects: 0.114800 ms)

AssetImportParameters requested are different than current active one (requested -> active):
  custom:framework-win-MediaFoundation: 216162199b28c13a410421893ffa2e32 -> 
  custom:video-decoder-ogg-theora: a1e56fd34408186e4bbccfd4996cb3dc -> 
  custom:container-muxer-webm: aa71ff27fc2769a1b78a27578f13a17b -> 
  custom:container-demuxer-webm: 4f35f7cbe854078d1ac9338744f61a02 -> 
  custom:container-demuxer-ogg: 62fdf1f143b41e24485cea50d1cbac27 -> 
  custom:video-encoder-webm-vp8: eb34c28f22e8b96e1ab97ce403110664 -> 
  custom:video-decoder-webm-vp8: 9c59270c3fd7afecdb556c50c9e8de78 -> 
  custom:audio-decoder-ogg-vorbis: bf7c407c2cedff20999df2af8eb42d56 -> 
  custom:audio-encoder-webm-vorbis: bf7c407c2cedff20999df2af8eb42d56 -> 
========================================================================
Received Prepare
Registering precompiled user dll's ...
Registered in 0.004807 seconds.
Begin MonoManager ReloadAssembly
Native extension for WindowsStandalone target not found
Refreshing native plugins compatible for Editor in 1.58 ms, found 8 plugins.
Preloading 0 native plugins for Editor in 0.00 ms.
Mono: successfully reloaded assembly
- Completed reload, in  1.044 seconds
Domain Reload Profiling:
	ReloadAssembly (1045ms)
		BeginReloadAssembly (106ms)
			ExecutionOrderSort (0ms)
			DisableScriptedObjects (4ms)
			BackupInstance (0ms)
			ReleaseScriptingObjects (0ms)
			CreateAndSetChildDomain (32ms)
		EndReloadAssembly (880ms)
			LoadAssemblies (94ms)
			RebuildTransferFunctionScriptingTraits (0ms)
			SetupTypeCache (280ms)
			ReleaseScriptCaches (1ms)
			RebuildScriptCaches (42ms)
			SetupLoadedEditorAssemblies (313ms)
				LogAssemblyErrors (0ms)
				InitializePlatformSupportModulesInManaged (7ms)
				SetLoadedEditorAssemblies (1ms)
				RefreshPlugins (2ms)
				BeforeProcessingInitializeOnLoad (56ms)
				ProcessInitializeOnLoadAttributes (236ms)
				ProcessInitializeOnLoadMethodAttributes (5ms)
				AfterProcessingInitializeOnLoad (7ms)
				EditorAssembliesLoaded (0ms)
			ExecutionOrderSort2 (0ms)
			AwakeInstancesAfterBackupRestoration (7ms)
Platform modules already initialized, skipping
Refreshing native plugins compatible for Editor in 0.63 ms, found 8 plugins.
Preloading 0 native plugins for Editor in 0.00 ms.
Unloading 2346 Unused Serialized files (Serialized files now loaded: 0)
System memory in use before: 116.3 MB.
System memory in use after: 116.5 MB.

Unloading 30 unused Assets to reduce memory usage. Loaded Objects now: 2907.
Total: 3.024400 ms (FindLiveObjects: 0.221600 ms CreateObjectMapping: 0.099100 ms MarkObjects: 2.616200 ms  DeleteObjects: 0.086400 ms)

AssetImportParameters requested are different than current active one (requested -> active):
  custom:framework-win-MediaFoundation: 216162199b28c13a410421893ffa2e32 -> 
  custom:video-decoder-ogg-theora: a1e56fd34408186e4bbccfd4996cb3dc -> 
  custom:container-muxer-webm: aa71ff27fc2769a1b78a27578f13a17b -> 
  custom:container-demuxer-webm: 4f35f7cbe854078d1ac9338744f61a02 -> 
  custom:container-demuxer-ogg: 62fdf1f143b41e24485cea50d1cbac27 -> 
  custom:video-encoder-webm-vp8: eb34c28f22e8b96e1ab97ce403110664 -> 
  custom:video-decoder-webm-vp8: 9c59270c3fd7afecdb556c50c9e8de78 -> 
  custom:audio-decoder-ogg-vorbis: bf7c407c2cedff20999df2af8eb42d56 -> 
  custom:audio-encoder-webm-vorbis: bf7c407c2cedff20999df2af8eb42d56 -> 
========================================================================
Received Prepare
Registering precompiled user dll's ...
Registered in 0.004852 seconds.
Begin MonoManager ReloadAssembly
Native extension for WindowsStandalone target not found
Refreshing native plugins compatible for Editor in 0.62 ms, found 8 plugins.
Preloading 0 native plugins for Editor in 0.00 ms.
Mono: successfully reloaded assembly
- Completed reload, in  1.001 seconds
Domain Reload Profiling:
	ReloadAssembly (1002ms)
		BeginReloadAssembly (106ms)
			ExecutionOrderSort (0ms)
			DisableScriptedObjects (4ms)
			BackupInstance (0ms)
			ReleaseScriptingObjects (0ms)
			CreateAndSetChildDomain (32ms)
		EndReloadAssembly (839ms)
			LoadAssemblies (82ms)
			RebuildTransferFunctionScriptingTraits (0ms)
			SetupTypeCache (270ms)
			ReleaseScriptCaches (1ms)
			RebuildScriptCaches (51ms)
			SetupLoadedEditorAssemblies (299ms)
				LogAssemblyErrors (0ms)
				InitializePlatformSupportModulesInManaged (4ms)
				SetLoadedEditorAssemblies (0ms)
				RefreshPlugins (1ms)
				BeforeProcessingInitializeOnLoad (53ms)
				ProcessInitializeOnLoadAttributes (229ms)
				ProcessInitializeOnLoadMethodAttributes (5ms)
				AfterProcessingInitializeOnLoad (7ms)
				EditorAssembliesLoaded (0ms)
			ExecutionOrderSort2 (0ms)
			AwakeInstancesAfterBackupRestoration (8ms)
Platform modules already initialized, skipping
Refreshing native plugins compatible for Editor in 0.61 ms, found 8 plugins.
Preloading 0 native plugins for Editor in 0.00 ms.
Unloading 2346 Unused Serialized files (Serialized files now loaded: 0)
System memory in use before: 116.4 MB.
System memory in use after: 116.6 MB.

Unloading 30 unused Assets to reduce memory usage. Loaded Objects now: 2910.
Total: 3.042300 ms (FindLiveObjects: 0.203500 ms CreateObjectMapping: 0.088700 ms MarkObjects: 2.650600 ms  DeleteObjects: 0.098400 ms)

AssetImportParameters requested are different than current active one (requested -> active):
  custom:framework-win-MediaFoundation: 216162199b28c13a410421893ffa2e32 -> 
  custom:video-decoder-ogg-theora: a1e56fd34408186e4bbccfd4996cb3dc -> 
  custom:container-muxer-webm: aa71ff27fc2769a1b78a27578f13a17b -> 
  custom:container-demuxer-webm: 4f35f7cbe854078d1ac9338744f61a02 -> 
  custom:container-demuxer-ogg: 62fdf1f143b41e24485cea50d1cbac27 -> 
  custom:video-encoder-webm-vp8: eb34c28f22e8b96e1ab97ce403110664 -> 
  custom:video-decoder-webm-vp8: 9c59270c3fd7afecdb556c50c9e8de78 -> 
  custom:audio-decoder-ogg-vorbis: bf7c407c2cedff20999df2af8eb42d56 -> 
  custom:audio-encoder-webm-vorbis: bf7c407c2cedff20999df2af8eb42d56 -> 
========================================================================
Received Import Request.
  Time since last request: 2767.599170 seconds.
  path: Assets/easy.fbx
  artifactKey: Guid(8261257f30329f846b03247ddd534b41) Importer(815301076,1909f56bfc062723c751e8b465ee728b)
Start importing Assets/easy.fbx using Guid(8261257f30329f846b03247ddd534b41) Importer(815301076,1909f56bfc062723c751e8b465ee728b)  -> (artifact id: 'a1717f8d12a8f79a394683ca11fc90c8') in 0.616724 seconds 
  Import took 0.621795 seconds .

========================================================================
Received Import Request.
  Time since last request: 503.968298 seconds.
  path: Assets/easy (1).fbx
  artifactKey: Guid(ede99abcd9a317946af3018e2580ae12) Importer(815301076,1909f56bfc062723c751e8b465ee728b)
Start importing Assets/easy (1).fbx using Guid(ede99abcd9a317946af3018e2580ae12) Importer(815301076,1909f56bfc062723c751e8b465ee728b)  -> (artifact id: 'a4daccd6a1e4fb026dbc25f6bb70713d') in 0.375928 seconds 
  Import took 0.380893 seconds .

========================================================================
Received Import Request.
  Time since last request: 425.908884 seconds.
  path: Assets/easy (2).fbx
  artifactKey: Guid(2d53600c6d85f8b40ab52ab9d48f6f88) Importer(815301076,1909f56bfc062723c751e8b465ee728b)
Start importing Assets/easy (2).fbx using Guid(2d53600c6d85f8b40ab52ab9d48f6f88) Importer(815301076,1909f56bfc062723c751e8b465ee728b)  -> (artifact id: 'e1aa8435418fc371dbe209354e1f9a28') in 0.367163 seconds 
  Import took 0.372452 seconds .

========================================================================
Received Import Request.
  Time since last request: 296.208093 seconds.
  path: Assets/prototype-with-split-with-grosime.fbx
  artifactKey: Guid(896fbce99b5dd3346bdb382468dd092b) Importer(815301076,1909f56bfc062723c751e8b465ee728b)
Start importing Assets/prototype-with-split-with-grosime.fbx using Guid(896fbce99b5dd3346bdb382468dd092b) Importer(815301076,1909f56bfc062723c751e8b465ee728b)  -> (artifact id: '06e7ac24c532494b1ecc3550e0cf52a1') in 1.277576 seconds 
  Import took 1.284060 seconds .

========================================================================
Received Prepare
Registering precompiled user dll's ...
Registered in 0.005200 seconds.
Begin MonoManager ReloadAssembly
Native extension for WindowsStandalone target not found
Refreshing native plugins compatible for Editor in 0.62 ms, found 8 plugins.
Preloading 0 native plugins for Editor in 0.00 ms.
Mono: successfully reloaded assembly
- Completed reload, in  0.995 seconds
Domain Reload Profiling:
	ReloadAssembly (995ms)
		BeginReloadAssembly (114ms)
			ExecutionOrderSort (0ms)
			DisableScriptedObjects (4ms)
			BackupInstance (0ms)
			ReleaseScriptingObjects (0ms)
			CreateAndSetChildDomain (39ms)
		EndReloadAssembly (816ms)
			LoadAssemblies (90ms)
			RebuildTransferFunctionScriptingTraits (0ms)
			SetupTypeCache (272ms)
			ReleaseScriptCaches (1ms)
			RebuildScriptCaches (38ms)
			SetupLoadedEditorAssemblies (305ms)
				LogAssemblyErrors (0ms)
				InitializePlatformSupportModulesInManaged (4ms)
				SetLoadedEditorAssemblies (0ms)
				RefreshPlugins (1ms)
				BeforeProcessingInitializeOnLoad (51ms)
				ProcessInitializeOnLoadAttributes (235ms)
				ProcessInitializeOnLoadMethodAttributes (5ms)
				AfterProcessingInitializeOnLoad (7ms)
				EditorAssembliesLoaded (0ms)
			ExecutionOrderSort2 (0ms)
			AwakeInstancesAfterBackupRestoration (7ms)
Platform modules already initialized, skipping
Refreshing native plugins compatible for Editor in 0.71 ms, found 8 plugins.
Preloading 0 native plugins for Editor in 0.00 ms.
Unloading 2346 Unused Serialized files (Serialized files now loaded: 0)
System memory in use before: 117.5 MB.
System memory in use after: 117.6 MB.

Unloading 31 unused Assets to reduce memory usage. Loaded Objects now: 2914.
Total: 4.361300 ms (FindLiveObjects: 0.251800 ms CreateObjectMapping: 0.102900 ms MarkObjects: 3.893100 ms  DeleteObjects: 0.112300 ms)

AssetImportParameters requested are different than current active one (requested -> active):
  custom:framework-win-MediaFoundation: 216162199b28c13a410421893ffa2e32 -> 
  custom:video-decoder-ogg-theora: a1e56fd34408186e4bbccfd4996cb3dc -> 
  custom:container-muxer-webm: aa71ff27fc2769a1b78a27578f13a17b -> 
  custom:container-demuxer-webm: 4f35f7cbe854078d1ac9338744f61a02 -> 
  custom:container-demuxer-ogg: 62fdf1f143b41e24485cea50d1cbac27 -> 
  custom:video-encoder-webm-vp8: eb34c28f22e8b96e1ab97ce403110664 -> 
  custom:video-decoder-webm-vp8: 9c59270c3fd7afecdb556c50c9e8de78 -> 
  custom:audio-decoder-ogg-vorbis: bf7c407c2cedff20999df2af8eb42d56 -> 
  custom:audio-encoder-webm-vorbis: bf7c407c2cedff20999df2af8eb42d56 -> 
========================================================================
Received Prepare
Registering precompiled user dll's ...
Registered in 0.004906 seconds.
Begin MonoManager ReloadAssembly
Native extension for WindowsStandalone target not found
Refreshing native plugins compatible for Editor in 0.61 ms, found 8 plugins.
Preloading 0 native plugins for Editor in 0.00 ms.
Mono: successfully reloaded assembly
- Completed reload, in  0.978 seconds
Domain Reload Profiling:
	ReloadAssembly (979ms)
		BeginReloadAssembly (115ms)
			ExecutionOrderSort (0ms)
			DisableScriptedObjects (4ms)
			BackupInstance (0ms)
			ReleaseScriptingObjects (0ms)
			CreateAndSetChildDomain (36ms)
		EndReloadAssembly (804ms)
			LoadAssemblies (84ms)
			RebuildTransferFunctionScriptingTraits (0ms)
			SetupTypeCache (263ms)
			ReleaseScriptCaches (1ms)
			RebuildScriptCaches (37ms)
			SetupLoadedEditorAssemblies (302ms)
				LogAssemblyErrors (0ms)
				InitializePlatformSupportModulesInManaged (4ms)
				SetLoadedEditorAssemblies (0ms)
				RefreshPlugins (1ms)
				BeforeProcessingInitializeOnLoad (52ms)
				ProcessInitializeOnLoadAttributes (234ms)
				ProcessInitializeOnLoadMethodAttributes (5ms)
				AfterProcessingInitializeOnLoad (7ms)
				EditorAssembliesLoaded (0ms)
			ExecutionOrderSort2 (0ms)
			AwakeInstancesAfterBackupRestoration (8ms)
Platform modules already initialized, skipping
Refreshing native plugins compatible for Editor in 0.63 ms, found 8 plugins.
Preloading 0 native plugins for Editor in 0.00 ms.
Unloading 2346 Unused Serialized files (Serialized files now loaded: 0)
System memory in use before: 117.5 MB.
System memory in use after: 117.6 MB.

Unloading 30 unused Assets to reduce memory usage. Loaded Objects now: 2917.
Total: 4.889500 ms (FindLiveObjects: 0.263500 ms CreateObjectMapping: 0.093400 ms MarkObjects: 4.420500 ms  DeleteObjects: 0.110500 ms)

AssetImportParameters requested are different than current active one (requested -> active):
  custom:framework-win-MediaFoundation: 216162199b28c13a410421893ffa2e32 -> 
  custom:video-decoder-ogg-theora: a1e56fd34408186e4bbccfd4996cb3dc -> 
  custom:container-muxer-webm: aa71ff27fc2769a1b78a27578f13a17b -> 
  custom:container-demuxer-webm: 4f35f7cbe854078d1ac9338744f61a02 -> 
  custom:container-demuxer-ogg: 62fdf1f143b41e24485cea50d1cbac27 -> 
  custom:video-encoder-webm-vp8: eb34c28f22e8b96e1ab97ce403110664 -> 
  custom:video-decoder-webm-vp8: 9c59270c3fd7afecdb556c50c9e8de78 -> 
  custom:audio-decoder-ogg-vorbis: bf7c407c2cedff20999df2af8eb42d56 -> 
  custom:audio-encoder-webm-vorbis: bf7c407c2cedff20999df2af8eb42d56 -> 
========================================================================
Received Prepare
Registering precompiled user dll's ...
Registered in 0.005635 seconds.
Begin MonoManager ReloadAssembly
Native extension for WindowsStandalone target not found
Refreshing native plugins compatible for Editor in 0.80 ms, found 8 plugins.
Preloading 0 native plugins for Editor in 0.00 ms.
Mono: successfully reloaded assembly
- Completed reload, in  1.116 seconds
Domain Reload Profiling:
	ReloadAssembly (1116ms)
		BeginReloadAssembly (107ms)
			ExecutionOrderSort (0ms)
			DisableScriptedObjects (4ms)
			BackupInstance (0ms)
			ReleaseScriptingObjects (0ms)
			CreateAndSetChildDomain (31ms)
		EndReloadAssembly (944ms)
			LoadAssemblies (85ms)
			RebuildTransferFunctionScriptingTraits (0ms)
			SetupTypeCache (289ms)
			ReleaseScriptCaches (1ms)
			RebuildScriptCaches (51ms)
			SetupLoadedEditorAssemblies (354ms)
				LogAssemblyErrors (0ms)
				InitializePlatformSupportModulesInManaged (4ms)
				SetLoadedEditorAssemblies (0ms)
				RefreshPlugins (1ms)
				BeforeProcessingInitializeOnLoad (69ms)
				ProcessInitializeOnLoadAttributes (266ms)
				ProcessInitializeOnLoadMethodAttributes (6ms)
				AfterProcessingInitializeOnLoad (7ms)
				EditorAssembliesLoaded (0ms)
			ExecutionOrderSort2 (0ms)
			AwakeInstancesAfterBackupRestoration (11ms)
Platform modules already initialized, skipping
Refreshing native plugins compatible for Editor in 0.82 ms, found 8 plugins.
Preloading 0 native plugins for Editor in 0.00 ms.
Unloading 2346 Unused Serialized files (Serialized files now loaded: 0)
System memory in use before: 117.5 MB.
System memory in use after: 117.6 MB.

Unloading 30 unused Assets to reduce memory usage. Loaded Objects now: 2920.
Total: 3.821900 ms (FindLiveObjects: 0.239300 ms CreateObjectMapping: 0.104900 ms MarkObjects: 3.370500 ms  DeleteObjects: 0.105800 ms)

AssetImportParameters requested are different than current active one (requested -> active):
  custom:framework-win-MediaFoundation: 216162199b28c13a410421893ffa2e32 -> 
  custom:video-decoder-ogg-theora: a1e56fd34408186e4bbccfd4996cb3dc -> 
  custom:container-muxer-webm: aa71ff27fc2769a1b78a27578f13a17b -> 
  custom:container-demuxer-webm: 4f35f7cbe854078d1ac9338744f61a02 -> 
  custom:container-demuxer-ogg: 62fdf1f143b41e24485cea50d1cbac27 -> 
  custom:video-encoder-webm-vp8: eb34c28f22e8b96e1ab97ce403110664 -> 
  custom:video-decoder-webm-vp8: 9c59270c3fd7afecdb556c50c9e8de78 -> 
  custom:audio-decoder-ogg-vorbis: bf7c407c2cedff20999df2af8eb42d56 -> 
  custom:audio-encoder-webm-vorbis: bf7c407c2cedff20999df2af8eb42d56 -> 
========================================================================
Received Import Request.
  Time since last request: 1175.110657 seconds.
  path: Assets/Materials/prototype-with-split-with-grosime.fbx
  artifactKey: Guid(e02458e68521d59429d818a06c554c9d) Importer(815301076,1909f56bfc062723c751e8b465ee728b)
Start importing Assets/Materials/prototype-with-split-with-grosime.fbx using Guid(e02458e68521d59429d818a06c554c9d) Importer(815301076,1909f56bfc062723c751e8b465ee728b)  -> (artifact id: 'e24461e5936726c44f76b9c022787bae') in 1.264435 seconds 
  Import took 1.270769 seconds .

========================================================================
Received Import Request.
  Time since last request: 14.998869 seconds.
  path: Assets/Materials/Materials/Street_View_360_1.mat
  artifactKey: Guid(1e6800d726b47954cbe4752035cd9cee) Importer(815301076,1909f56bfc062723c751e8b465ee728b)
Start importing Assets/Materials/Materials/Street_View_360_1.mat using Guid(1e6800d726b47954cbe4752035cd9cee) Importer(815301076,1909f56bfc062723c751e8b465ee728b)  -> (artifact id: '3e0c5b9c378a807deb17307693f5f63c') in 0.019062 seconds 
  Import took 0.022498 seconds .

========================================================================
Received Import Request.
  Time since last request: 0.000280 seconds.
  path: Assets/Materials/Materials/Street_View_360_32.mat
  artifactKey: Guid(02b654926de2aff49b7b174988adaae5) Importer(815301076,1909f56bfc062723c751e8b465ee728b)
Start importing Assets/Materials/Materials/Street_View_360_32.mat using Guid(02b654926de2aff49b7b174988adaae5) Importer(815301076,1909f56bfc062723c751e8b465ee728b)  -> (artifact id: 'b53cab58723f6c03ceed552c9391a607') in 0.012148 seconds 
  Import took 0.015830 seconds .

========================================================================
Received Import Request.
  Time since last request: 0.000184 seconds.
  path: Assets/Materials/Materials/Street_View_360_36.mat
  artifactKey: Guid(199f6802656844243b7e5eddea62757a) Importer(815301076,1909f56bfc062723c751e8b465ee728b)
Start importing Assets/Materials/Materials/Street_View_360_36.mat using Guid(199f6802656844243b7e5eddea62757a) Importer(815301076,1909f56bfc062723c751e8b465ee728b)  -> (artifact id: 'dbc89ac8b67d77450b57ab0dcc690e97') in 0.015277 seconds 
  Import took 0.019051 seconds .

========================================================================
Received Import Request.
  Time since last request: 0.000135 seconds.
  path: Assets/Materials/Materials/Street_View_360_47.mat
  artifactKey: Guid(debf2969d7b61184a9a44d37c17a6088) Importer(815301076,1909f56bfc062723c751e8b465ee728b)
Start importing Assets/Materials/Materials/Street_View_360_47.mat using Guid(debf2969d7b61184a9a44d37c17a6088) Importer(815301076,1909f56bfc062723c751e8b465ee728b)  -> (artifact id: '0c0c6a231fa3d3160907130db4e049e0') in 0.013970 seconds 
  Import took 0.018230 seconds .

========================================================================
Received Import Request.
  Time since last request: 0.000398 seconds.
  path: Assets/Materials/Materials/Street_View_360_39.mat
  artifactKey: Guid(5fde70ec33aa7e24fae5c58f4030f1cd) Importer(815301076,1909f56bfc062723c751e8b465ee728b)
Start importing Assets/Materials/Materials/Street_View_360_39.mat using Guid(5fde70ec33aa7e24fae5c58f4030f1cd) Importer(815301076,1909f56bfc062723c751e8b465ee728b)  -> (artifact id: 'bf663d9d018d8d324937b95d44555a7b') in 0.009931 seconds 
  Import took 0.014186 seconds .

========================================================================
Received Import Request.
  Time since last request: 0.000188 seconds.
  path: Assets/Materials/Materials/Street_View_360_35.mat
  artifactKey: Guid(4b855ec02c88e1f458fa4c1c168c88b0) Importer(815301076,1909f56bfc062723c751e8b465ee728b)
Start importing Assets/Materials/Materials/Street_View_360_35.mat using Guid(4b855ec02c88e1f458fa4c1c168c88b0) Importer(815301076,1909f56bfc062723c751e8b465ee728b)  -> (artifact id: '3ef5c9e2158eb1ff3ebbe02bdaff7548') in 0.013812 seconds 
  Import took 0.017709 seconds .

========================================================================
Received Import Request.
  Time since last request: 0.000231 seconds.
  path: Assets/Materials/Materials/Street_View_360_23.mat
  artifactKey: Guid(76b8c2d5c65d3124c8b7fce907f9eadd) Importer(815301076,1909f56bfc062723c751e8b465ee728b)
Start importing Assets/Materials/Materials/Street_View_360_23.mat using Guid(76b8c2d5c65d3124c8b7fce907f9eadd) Importer(815301076,1909f56bfc062723c751e8b465ee728b)  -> (artifact id: 'a600ad5cdf73572819f29079be525a46') in 0.011355 seconds 
  Import took 0.014928 seconds .

========================================================================
Received Import Request.
  Time since last request: 0.000196 seconds.
  path: Assets/Materials/Materials/Street_View_360_51.mat
  artifactKey: Guid(8ce1472130046834c859656c5da80f67) Importer(815301076,1909f56bfc062723c751e8b465ee728b)
Start importing Assets/Materials/Materials/Street_View_360_51.mat using Guid(8ce1472130046834c859656c5da80f67) Importer(815301076,1909f56bfc062723c751e8b465ee728b)  -> (artifact id: '3590f3d57e7eeb6cace92375326edf78') in 0.013879 seconds 
  Import took 0.017888 seconds .

========================================================================
Received Import Request.
  Time since last request: 0.000330 seconds.
  path: Assets/Materials/Materials/Street_View_360_52.mat
  artifactKey: Guid(3d088ae2a47f24546a89486e8bc4abf8) Importer(815301076,1909f56bfc062723c751e8b465ee728b)
Start importing Assets/Materials/Materials/Street_View_360_52.mat using Guid(3d088ae2a47f24546a89486e8bc4abf8) Importer(815301076,1909f56bfc062723c751e8b465ee728b)  -> (artifact id: '2c2b5ddc7783f60dcdabac3fd1c2b5a3') in 0.023966 seconds 
  Import took 0.031092 seconds .

========================================================================
Received Import Request.
  Time since last request: 0.000211 seconds.
  path: Assets/Materials/Materials/Street_View_360_30.mat
  artifactKey: Guid(6fb469c855d8ab3449a7399f37d11d89) Importer(815301076,1909f56bfc062723c751e8b465ee728b)
Start importing Assets/Materials/Materials/Street_View_360_30.mat using Guid(6fb469c855d8ab3449a7399f37d11d89) Importer(815301076,1909f56bfc062723c751e8b465ee728b)  -> (artifact id: '248d969c5a9b31d51249b137fa45edfc') in 0.019746 seconds 
  Import took 0.025493 seconds .

========================================================================
Received Import Request.
  Time since last request: 0.000239 seconds.
  path: Assets/Materials/Materials/Street_View_360_31.mat
  artifactKey: Guid(d16a8ba6128d06347aa9f4ab35cffa5a) Importer(815301076,1909f56bfc062723c751e8b465ee728b)
Start importing Assets/Materials/Materials/Street_View_360_31.mat using Guid(d16a8ba6128d06347aa9f4ab35cffa5a) Importer(815301076,1909f56bfc062723c751e8b465ee728b)  -> (artifact id: '78effd6e52d98a32df61008631d034fe') in 0.014000 seconds 
  Import took 0.018704 seconds .

========================================================================
Received Import Request.
  Time since last request: 0.000233 seconds.
  path: Assets/Materials/Materials/Street_View_360_25.mat
  artifactKey: Guid(b62e6ffd49976f5428d7054f3e2654cb) Importer(815301076,1909f56bfc062723c751e8b465ee728b)
Start importing Assets/Materials/Materials/Street_View_360_25.mat using Guid(b62e6ffd49976f5428d7054f3e2654cb) Importer(815301076,1909f56bfc062723c751e8b465ee728b)  -> (artifact id: 'e5ca574725254a7fb370cdb8caa968ef') in 0.012003 seconds 
  Import took 0.016682 seconds .

========================================================================
Received Import Request.
  Time since last request: 0.000258 seconds.
  path: Assets/Materials/Materials/Street_View_360_22.mat
  artifactKey: Guid(813c5d799100b8642847b1d884071cf3) Importer(815301076,1909f56bfc062723c751e8b465ee728b)
Start importing Assets/Materials/Materials/Street_View_360_22.mat using Guid(813c5d799100b8642847b1d884071cf3) Importer(815301076,1909f56bfc062723c751e8b465ee728b)  -> (artifact id: '47bfe87bfd1eb3e1c4c2c039d7c1eafd') in 0.011056 seconds 
  Import took 0.015671 seconds .

========================================================================
Received Import Request.
  Time since last request: 0.000291 seconds.
  path: Assets/Materials/Materials/Street_View_360_21.mat
  artifactKey: Guid(5d990096d237ca44186fc72dca194338) Importer(815301076,1909f56bfc062723c751e8b465ee728b)
Start importing Assets/Materials/Materials/Street_View_360_21.mat using Guid(5d990096d237ca44186fc72dca194338) Importer(815301076,1909f56bfc062723c751e8b465ee728b)  -> (artifact id: 'ba1b127d51b750d29fe8c9a3db86f378') in 0.012670 seconds 
  Import took 0.017670 seconds .

========================================================================
Received Import Request.
  Time since last request: 0.000222 seconds.
  path: Assets/Materials/Materials/Street_View_360_44.mat
  artifactKey: Guid(c69b630cd351a6546af94c696e9d0097) Importer(815301076,1909f56bfc062723c751e8b465ee728b)
Start importing Assets/Materials/Materials/Street_View_360_44.mat using Guid(c69b630cd351a6546af94c696e9d0097) Importer(815301076,1909f56bfc062723c751e8b465ee728b)  -> (artifact id: '456124a2990eaf78f733bbf1547768f9') in 0.012203 seconds 
  Import took 0.016497 seconds .

========================================================================
Received Import Request.
  Time since last request: 0.000188 seconds.
  path: Assets/Materials/Materials/Street_View_360_24.mat
  artifactKey: Guid(feb516cf65faa0e498569870b4da15c7) Importer(815301076,1909f56bfc062723c751e8b465ee728b)
Start importing Assets/Materials/Materials/Street_View_360_24.mat using Guid(feb516cf65faa0e498569870b4da15c7) Importer(815301076,1909f56bfc062723c751e8b465ee728b)  -> (artifact id: 'c3c0b3aa367ea86bf3e90705b203e8de') in 0.012889 seconds 
  Import took 0.017599 seconds .

========================================================================
Received Import Request.
  Time since last request: 0.000457 seconds.
  path: Assets/Materials/Materials/Street_View_360_29.mat
  artifactKey: Guid(88f8551c8b9af5548ba1c046ceba786a) Importer(815301076,1909f56bfc062723c751e8b465ee728b)
Start importing Assets/Materials/Materials/Street_View_360_29.mat using Guid(88f8551c8b9af5548ba1c046ceba786a) Importer(815301076,1909f56bfc062723c751e8b465ee728b)  -> (artifact id: 'a2d4f6c4d70c519521a9846e764c7bd9') in 0.011184 seconds 
  Import took 0.014867 seconds .

========================================================================
Received Import Request.
  Time since last request: 0.000205 seconds.
  path: Assets/Materials/Materials/Street_View_360_38.mat
  artifactKey: Guid(f4575a4c95a1dbc4bbdd1887328e0e9e) Importer(815301076,1909f56bfc062723c751e8b465ee728b)
Start importing Assets/Materials/Materials/Street_View_360_38.mat using Guid(f4575a4c95a1dbc4bbdd1887328e0e9e) Importer(815301076,1909f56bfc062723c751e8b465ee728b)  -> (artifact id: '62433cffe82de0c108ecf41112bee382') in 0.015655 seconds 
  Import took 0.019692 seconds .

========================================================================
Received Import Request.
  Time since last request: 0.000201 seconds.
  path: Assets/Materials/Materials/Street_View_360_37.mat
  artifactKey: Guid(a21b3f123098fc34a9716e07233336bb) Importer(815301076,1909f56bfc062723c751e8b465ee728b)
Start importing Assets/Materials/Materials/Street_View_360_37.mat using Guid(a21b3f123098fc34a9716e07233336bb) Importer(815301076,1909f56bfc062723c751e8b465ee728b)  -> (artifact id: 'c07d26046ad7c6da177b62fe234a436a') in 0.011354 seconds 
  Import took 0.015453 seconds .

========================================================================
Received Import Request.
  Time since last request: 0.000154 seconds.
  path: Assets/Materials/Materials/Street_View_360_46.mat
  artifactKey: Guid(27819be43befac64bbd93ff0408a9520) Importer(815301076,1909f56bfc062723c751e8b465ee728b)
Start importing Assets/Materials/Materials/Street_View_360_46.mat using Guid(27819be43befac64bbd93ff0408a9520) Importer(815301076,1909f56bfc062723c751e8b465ee728b)  -> (artifact id: '2ede2711b5e1237464127883bba56d52') in 0.014366 seconds 
  Import took 0.018230 seconds .

========================================================================
Received Import Request.
  Time since last request: 0.000171 seconds.
  path: Assets/Materials/Materials/Street_View_360_42.mat
  artifactKey: Guid(8f0f7624d8aef73499bf8d66b7effb3d) Importer(815301076,1909f56bfc062723c751e8b465ee728b)
Start importing Assets/Materials/Materials/Street_View_360_42.mat using Guid(8f0f7624d8aef73499bf8d66b7effb3d) Importer(815301076,1909f56bfc062723c751e8b465ee728b)  -> (artifact id: '6e76540763448cdb5fc60c52dcb2a1d5') in 0.011883 seconds 
  Import took 0.016374 seconds .

========================================================================
Received Import Request.
  Time since last request: 0.000230 seconds.
  path: Assets/Materials/Materials/Street_View_360_50.mat
  artifactKey: Guid(8623aaf1965323e4892a4111fbcc06aa) Importer(815301076,1909f56bfc062723c751e8b465ee728b)
Start importing Assets/Materials/Materials/Street_View_360_50.mat using Guid(8623aaf1965323e4892a4111fbcc06aa) Importer(815301076,1909f56bfc062723c751e8b465ee728b)  -> (artifact id: '42b7ed077b5a08fc9273632dcbb34379') in 0.013622 seconds 
  Import took 0.018971 seconds .

========================================================================
Received Import Request.
  Time since last request: 0.000211 seconds.
  path: Assets/Materials/Materials/Street_View_360_45.mat
  artifactKey: Guid(69850e63e715a454287f792c86f596ed) Importer(815301076,1909f56bfc062723c751e8b465ee728b)
Start importing Assets/Materials/Materials/Street_View_360_45.mat using Guid(69850e63e715a454287f792c86f596ed) Importer(815301076,1909f56bfc062723c751e8b465ee728b)  -> (artifact id: '4e3fa262ffa08cb3ea983c0e5020a55f') in 0.010729 seconds 
  Import took 0.014977 seconds .

========================================================================
Received Import Request.
  Time since last request: 0.000322 seconds.
  path: Assets/Materials/Materials/Street_View_360_27.mat
  artifactKey: Guid(d6f812ea15c54334b87d0083edab5db6) Importer(815301076,1909f56bfc062723c751e8b465ee728b)
Start importing Assets/Materials/Materials/Street_View_360_27.mat using Guid(d6f812ea15c54334b87d0083edab5db6) Importer(815301076,1909f56bfc062723c751e8b465ee728b)  -> (artifact id: 'f5dee521cc9c1764924d96a88546f0fc') in 0.010731 seconds 
  Import took 0.018037 seconds .

========================================================================
Received Import Request.
  Time since last request: 0.000184 seconds.
  path: Assets/Materials/Materials/Street_View_360_26.mat
  artifactKey: Guid(836916b5ba1c0e24da2fcf3d001fd362) Importer(815301076,1909f56bfc062723c751e8b465ee728b)
Start importing Assets/Materials/Materials/Street_View_360_26.mat using Guid(836916b5ba1c0e24da2fcf3d001fd362) Importer(815301076,1909f56bfc062723c751e8b465ee728b)  -> (artifact id: '05aa1b88ff16d2b9d273dd7e1022e6ed') in 0.010119 seconds 
  Import took 0.014755 seconds .

========================================================================
Received Import Request.
  Time since last request: 0.000460 seconds.
  path: Assets/Materials/Materials/Street_View_360_48.mat
  artifactKey: Guid(d8db636183717574cb8e517b06aba584) Importer(815301076,1909f56bfc062723c751e8b465ee728b)
Start importing Assets/Materials/Materials/Street_View_360_48.mat using Guid(d8db636183717574cb8e517b06aba584) Importer(815301076,1909f56bfc062723c751e8b465ee728b)  -> (artifact id: 'ded7480952e3bcec513c95d926b22f4e') in 0.011069 seconds 
  Import took 0.018469 seconds .

========================================================================
Received Import Request.
  Time since last request: 0.000186 seconds.
  path: Assets/Materials/Materials/Street_View_360_34.mat
  artifactKey: Guid(d231b1e754058d640aa5a952a7fd59ba) Importer(815301076,1909f56bfc062723c751e8b465ee728b)
Start importing Assets/Materials/Materials/Street_View_360_34.mat using Guid(d231b1e754058d640aa5a952a7fd59ba) Importer(815301076,1909f56bfc062723c751e8b465ee728b)  -> (artifact id: '714d72e4f00776c4bea7882ea41b5612') in 0.012422 seconds 
  Import took 0.017681 seconds .

========================================================================
Received Import Request.
  Time since last request: 0.000262 seconds.
  path: Assets/Materials/Materials/Street_View_360_33.mat
  artifactKey: Guid(a99f389f27ec5f34fb155a7bc904c9ee) Importer(815301076,1909f56bfc062723c751e8b465ee728b)
Start importing Assets/Materials/Materials/Street_View_360_33.mat using Guid(a99f389f27ec5f34fb155a7bc904c9ee) Importer(815301076,1909f56bfc062723c751e8b465ee728b)  -> (artifact id: '2a2fb12a1ecedc1322960f5c10d0a80a') in 0.012504 seconds 
  Import took 0.016874 seconds .

========================================================================
Received Import Request.
  Time since last request: 0.000214 seconds.
  path: Assets/Materials/Materials/Street_View_360_43.mat
  artifactKey: Guid(1283a49f8d85b8146a67269e1fa3b72f) Importer(815301076,1909f56bfc062723c751e8b465ee728b)
Start importing Assets/Materials/Materials/Street_View_360_43.mat using Guid(1283a49f8d85b8146a67269e1fa3b72f) Importer(815301076,1909f56bfc062723c751e8b465ee728b)  -> (artifact id: '44a8ef96ce487389c6a8f60327344085') in 0.013101 seconds 
  Import took 0.018200 seconds .

========================================================================
Received Import Request.
  Time since last request: 0.000263 seconds.
  path: Assets/Materials/Materials/Street_View_360_41.mat
  artifactKey: Guid(73d3e9a3551d9c940b9e7ffe900848e4) Importer(815301076,1909f56bfc062723c751e8b465ee728b)
Start importing Assets/Materials/Materials/Street_View_360_41.mat using Guid(73d3e9a3551d9c940b9e7ffe900848e4) Importer(815301076,1909f56bfc062723c751e8b465ee728b)  -> (artifact id: 'd28953513b13b3e7157a99afc7dcd9b9') in 0.011354 seconds 
  Import took 0.016280 seconds .

========================================================================
Received Import Request.
  Time since last request: 0.000163 seconds.
  path: Assets/Materials/Materials/Street_View_360_28.mat
  artifactKey: Guid(850a51c108446f940b6a950cbb098449) Importer(815301076,1909f56bfc062723c751e8b465ee728b)
Start importing Assets/Materials/Materials/Street_View_360_28.mat using Guid(850a51c108446f940b6a950cbb098449) Importer(815301076,1909f56bfc062723c751e8b465ee728b)  -> (artifact id: '4c24f093ef2a26acd2db8b92c3c9e3c0') in 0.013297 seconds 
  Import took 0.017747 seconds .

========================================================================
Received Import Request.
  Time since last request: 0.000297 seconds.
  path: Assets/Materials/Materials/Street_View_360_40.mat
  artifactKey: Guid(b507a0788bbc01846b41e99c28bc8bdd) Importer(815301076,1909f56bfc062723c751e8b465ee728b)
Start importing Assets/Materials/Materials/Street_View_360_40.mat using Guid(b507a0788bbc01846b41e99c28bc8bdd) Importer(815301076,1909f56bfc062723c751e8b465ee728b)  -> (artifact id: 'b732b91c1a25f2ed5500d758af5b25fc') in 0.011184 seconds 
  Import took 0.015351 seconds .

========================================================================
Received Import Request.
  Time since last request: 0.000241 seconds.
  path: Assets/Materials/Materials/Street_View_360_49.mat
  artifactKey: Guid(c7ea89b872894d44fb05d10e5e383e54) Importer(815301076,1909f56bfc062723c751e8b465ee728b)
Start importing Assets/Materials/Materials/Street_View_360_49.mat using Guid(c7ea89b872894d44fb05d10e5e383e54) Importer(815301076,1909f56bfc062723c751e8b465ee728b)  -> (artifact id: 'c52827f0d21b6c981d87d299bbf75800') in 0.016990 seconds 
  Import took 0.021872 seconds .

========================================================================
Received Import Request.
  Time since last request: 6.630700 seconds.
  path: Assets/Materials/Materials/Street_View_360_53.mat
  artifactKey: Guid(88c423ef09cb05a48a32c2d3a7d5f2a8) Importer(815301076,1909f56bfc062723c751e8b465ee728b)
Start importing Assets/Materials/Materials/Street_View_360_53.mat using Guid(88c423ef09cb05a48a32c2d3a7d5f2a8) Importer(815301076,1909f56bfc062723c751e8b465ee728b)  -> (artifact id: '8f346eae5b3868826f940a5d0af1e9cd') in 0.012556 seconds 
  Import took 0.017240 seconds .

========================================================================
Received Prepare
Registering precompiled user dll's ...
Registered in 0.008189 seconds.
Begin MonoManager ReloadAssembly
Native extension for WindowsStandalone target not found
Refreshing native plugins compatible for Editor in 0.63 ms, found 8 plugins.
Preloading 0 native plugins for Editor in 0.00 ms.
Mono: successfully reloaded assembly
- Completed reload, in  1.136 seconds
Domain Reload Profiling:
	ReloadAssembly (1137ms)
		BeginReloadAssembly (144ms)
			ExecutionOrderSort (0ms)
			DisableScriptedObjects (4ms)
			BackupInstance (0ms)
			ReleaseScriptingObjects (0ms)
			CreateAndSetChildDomain (40ms)
		EndReloadAssembly (904ms)
			LoadAssemblies (135ms)
			RebuildTransferFunctionScriptingTraits (0ms)
			SetupTypeCache (290ms)
			ReleaseScriptCaches (1ms)
			RebuildScriptCaches (40ms)
			SetupLoadedEditorAssemblies (316ms)
				LogAssemblyErrors (0ms)
				InitializePlatformSupportModulesInManaged (5ms)
				SetLoadedEditorAssemblies (1ms)
				RefreshPlugins (1ms)
				BeforeProcessingInitializeOnLoad (58ms)
				ProcessInitializeOnLoadAttributes (239ms)
				ProcessInitializeOnLoadMethodAttributes (5ms)
				AfterProcessingInitializeOnLoad (7ms)
				EditorAssembliesLoaded (0ms)
			ExecutionOrderSort2 (0ms)
			AwakeInstancesAfterBackupRestoration (8ms)
Platform modules already initialized, skipping
Refreshing native plugins compatible for Editor in 0.66 ms, found 8 plugins.
Preloading 0 native plugins for Editor in 0.00 ms.
Unloading 2346 Unused Serialized files (Serialized files now loaded: 0)
System memory in use before: 117.5 MB.
System memory in use after: 117.6 MB.

Unloading 31 unused Assets to reduce memory usage. Loaded Objects now: 2924.
Total: 3.847700 ms (FindLiveObjects: 0.302100 ms CreateObjectMapping: 0.147400 ms MarkObjects: 3.298200 ms  DeleteObjects: 0.098800 ms)

AssetImportParameters requested are different than current active one (requested -> active):
  custom:framework-win-MediaFoundation: 216162199b28c13a410421893ffa2e32 -> 
  custom:video-decoder-ogg-theora: a1e56fd34408186e4bbccfd4996cb3dc -> 
  custom:container-muxer-webm: aa71ff27fc2769a1b78a27578f13a17b -> 
  custom:container-demuxer-webm: 4f35f7cbe854078d1ac9338744f61a02 -> 
  custom:container-demuxer-ogg: 62fdf1f143b41e24485cea50d1cbac27 -> 
  custom:video-encoder-webm-vp8: eb34c28f22e8b96e1ab97ce403110664 -> 
  custom:video-decoder-webm-vp8: 9c59270c3fd7afecdb556c50c9e8de78 -> 
  custom:audio-decoder-ogg-vorbis: bf7c407c2cedff20999df2af8eb42d56 -> 
  custom:audio-encoder-webm-vorbis: bf7c407c2cedff20999df2af8eb42d56 -> 
========================================================================
Received Prepare
Registering precompiled user dll's ...
Registered in 0.006230 seconds.
Begin MonoManager ReloadAssembly
Native extension for WindowsStandalone target not found
Refreshing native plugins compatible for Editor in 0.64 ms, found 8 plugins.
Preloading 0 native plugins for Editor in 0.00 ms.
Mono: successfully reloaded assembly
- Completed reload, in  1.016 seconds
Domain Reload Profiling:
	ReloadAssembly (1016ms)
		BeginReloadAssembly (104ms)
			ExecutionOrderSort (0ms)
			DisableScriptedObjects (4ms)
			BackupInstance (0ms)
			ReleaseScriptingObjects (0ms)
			CreateAndSetChildDomain (31ms)
		EndReloadAssembly (853ms)
			LoadAssemblies (81ms)
			RebuildTransferFunctionScriptingTraits (0ms)
			SetupTypeCache (269ms)
			ReleaseScriptCaches (1ms)
			RebuildScriptCaches (39ms)
			SetupLoadedEditorAssemblies (328ms)
				LogAssemblyErrors (0ms)
				InitializePlatformSupportModulesInManaged (5ms)
				SetLoadedEditorAssemblies (1ms)
				RefreshPlugins (1ms)
				BeforeProcessingInitializeOnLoad (55ms)
				ProcessInitializeOnLoadAttributes (254ms)
				ProcessInitializeOnLoadMethodAttributes (6ms)
				AfterProcessingInitializeOnLoad (7ms)
				EditorAssembliesLoaded (0ms)
			ExecutionOrderSort2 (0ms)
			AwakeInstancesAfterBackupRestoration (8ms)
Platform modules already initialized, skipping
Refreshing native plugins compatible for Editor in 0.62 ms, found 8 plugins.
Preloading 0 native plugins for Editor in 0.00 ms.
Unloading 2346 Unused Serialized files (Serialized files now loaded: 0)
System memory in use before: 117.6 MB.
System memory in use after: 117.7 MB.

Unloading 30 unused Assets to reduce memory usage. Loaded Objects now: 2927.
Total: 3.133600 ms (FindLiveObjects: 0.233900 ms CreateObjectMapping: 0.102000 ms MarkObjects: 2.702700 ms  DeleteObjects: 0.094100 ms)

AssetImportParameters requested are different than current active one (requested -> active):
  custom:framework-win-MediaFoundation: 216162199b28c13a410421893ffa2e32 -> 
  custom:video-decoder-ogg-theora: a1e56fd34408186e4bbccfd4996cb3dc -> 
  custom:container-muxer-webm: aa71ff27fc2769a1b78a27578f13a17b -> 
  custom:container-demuxer-webm: 4f35f7cbe854078d1ac9338744f61a02 -> 
  custom:container-demuxer-ogg: 62fdf1f143b41e24485cea50d1cbac27 -> 
  custom:video-encoder-webm-vp8: eb34c28f22e8b96e1ab97ce403110664 -> 
  custom:video-decoder-webm-vp8: 9c59270c3fd7afecdb556c50c9e8de78 -> 
  custom:audio-decoder-ogg-vorbis: bf7c407c2cedff20999df2af8eb42d56 -> 
  custom:audio-encoder-webm-vorbis: bf7c407c2cedff20999df2af8eb42d56 -> 
========================================================================
Received Prepare
Registering precompiled user dll's ...
Registered in 0.008748 seconds.
Begin MonoManager ReloadAssembly
Native extension for WindowsStandalone target not found
Refreshing native plugins compatible for Editor in 1.14 ms, found 8 plugins.
Preloading 0 native plugins for Editor in 0.00 ms.
Mono: successfully reloaded assembly
- Completed reload, in  1.399 seconds
Domain Reload Profiling:
	ReloadAssembly (1399ms)
		BeginReloadAssembly (170ms)
			ExecutionOrderSort (0ms)
			DisableScriptedObjects (6ms)
			BackupInstance (0ms)
			ReleaseScriptingObjects (0ms)
			CreateAndSetChildDomain (59ms)
		EndReloadAssembly (1148ms)
			LoadAssemblies (128ms)
			RebuildTransferFunctionScriptingTraits (0ms)
			SetupTypeCache (381ms)
			ReleaseScriptCaches (1ms)
			RebuildScriptCaches (60ms)
			SetupLoadedEditorAssemblies (438ms)
				LogAssemblyErrors (0ms)
				InitializePlatformSupportModulesInManaged (6ms)
				SetLoadedEditorAssemblies (0ms)
				RefreshPlugins (1ms)
				BeforeProcessingInitializeOnLoad (76ms)
				ProcessInitializeOnLoadAttributes (342ms)
				ProcessInitializeOnLoadMethodAttributes (6ms)
				AfterProcessingInitializeOnLoad (7ms)
				EditorAssembliesLoaded (0ms)
			ExecutionOrderSort2 (0ms)
			AwakeInstancesAfterBackupRestoration (8ms)
Platform modules already initialized, skipping
Refreshing native plugins compatible for Editor in 0.62 ms, found 8 plugins.
Preloading 0 native plugins for Editor in 0.00 ms.
Unloading 2346 Unused Serialized files (Serialized files now loaded: 0)
System memory in use before: 117.6 MB.
System memory in use after: 117.7 MB.

Unloading 30 unused Assets to reduce memory usage. Loaded Objects now: 2930.
Total: 4.553800 ms (FindLiveObjects: 0.344700 ms CreateObjectMapping: 0.133300 ms MarkObjects: 3.947700 ms  DeleteObjects: 0.125900 ms)

AssetImportParameters requested are different than current active one (requested -> active):
  custom:framework-win-MediaFoundation: 216162199b28c13a410421893ffa2e32 -> 
  custom:video-decoder-ogg-theora: a1e56fd34408186e4bbccfd4996cb3dc -> 
  custom:container-muxer-webm: aa71ff27fc2769a1b78a27578f13a17b -> 
  custom:container-demuxer-webm: 4f35f7cbe854078d1ac9338744f61a02 -> 
  custom:container-demuxer-ogg: 62fdf1f143b41e24485cea50d1cbac27 -> 
  custom:video-encoder-webm-vp8: eb34c28f22e8b96e1ab97ce403110664 -> 
  custom:video-decoder-webm-vp8: 9c59270c3fd7afecdb556c50c9e8de78 -> 
  custom:audio-decoder-ogg-vorbis: bf7c407c2cedff20999df2af8eb42d56 -> 
  custom:audio-encoder-webm-vorbis: bf7c407c2cedff20999df2af8eb42d56 -> 
========================================================================
Received Prepare
Registering precompiled user dll's ...
Registered in 0.006244 seconds.
Begin MonoManager ReloadAssembly
Native extension for WindowsStandalone target not found
Refreshing native plugins compatible for Editor in 0.62 ms, found 8 plugins.
Preloading 0 native plugins for Editor in 0.00 ms.
Mono: successfully reloaded assembly
- Completed reload, in  1.145 seconds
Domain Reload Profiling:
	ReloadAssembly (1145ms)
		BeginReloadAssembly (171ms)
			ExecutionOrderSort (0ms)
			DisableScriptedObjects (6ms)
			BackupInstance (0ms)
			ReleaseScriptingObjects (0ms)
			CreateAndSetChildDomain (53ms)
		EndReloadAssembly (889ms)
			LoadAssemblies (116ms)
			RebuildTransferFunctionScriptingTraits (0ms)
			SetupTypeCache (276ms)
			ReleaseScriptCaches (1ms)
			RebuildScriptCaches (39ms)
			SetupLoadedEditorAssemblies (329ms)
				LogAssemblyErrors (0ms)
				InitializePlatformSupportModulesInManaged (7ms)
				SetLoadedEditorAssemblies (0ms)
				RefreshPlugins (1ms)
				BeforeProcessingInitializeOnLoad (64ms)
				ProcessInitializeOnLoadAttributes (245ms)
				ProcessInitializeOnLoadMethodAttributes (5ms)
				AfterProcessingInitializeOnLoad (7ms)
				EditorAssembliesLoaded (0ms)
			ExecutionOrderSort2 (0ms)
			AwakeInstancesAfterBackupRestoration (8ms)
Platform modules already initialized, skipping
Refreshing native plugins compatible for Editor in 0.65 ms, found 8 plugins.
Preloading 0 native plugins for Editor in 0.00 ms.
Unloading 2346 Unused Serialized files (Serialized files now loaded: 0)
System memory in use before: 117.6 MB.
System memory in use after: 117.7 MB.

Unloading 30 unused Assets to reduce memory usage. Loaded Objects now: 2933.
Total: 3.253400 ms (FindLiveObjects: 0.209200 ms CreateObjectMapping: 0.099200 ms MarkObjects: 2.853000 ms  DeleteObjects: 0.091200 ms)

AssetImportParameters requested are different than current active one (requested -> active):
  custom:framework-win-MediaFoundation: 216162199b28c13a410421893ffa2e32 -> 
  custom:video-decoder-ogg-theora: a1e56fd34408186e4bbccfd4996cb3dc -> 
  custom:container-muxer-webm: aa71ff27fc2769a1b78a27578f13a17b -> 
  custom:container-demuxer-webm: 4f35f7cbe854078d1ac9338744f61a02 -> 
  custom:container-demuxer-ogg: 62fdf1f143b41e24485cea50d1cbac27 -> 
  custom:video-encoder-webm-vp8: eb34c28f22e8b96e1ab97ce403110664 -> 
  custom:video-decoder-webm-vp8: 9c59270c3fd7afecdb556c50c9e8de78 -> 
  custom:audio-decoder-ogg-vorbis: bf7c407c2cedff20999df2af8eb42d56 -> 
  custom:audio-encoder-webm-vorbis: bf7c407c2cedff20999df2af8eb42d56 -> 
========================================================================
Received Prepare
Registering precompiled user dll's ...
Registered in 0.006212 seconds.
Begin MonoManager ReloadAssembly
Native extension for WindowsStandalone target not found
Refreshing native plugins compatible for Editor in 0.98 ms, found 8 plugins.
Preloading 0 native plugins for Editor in 0.00 ms.
Mono: successfully reloaded assembly
- Completed reload, in  1.408 seconds
Domain Reload Profiling:
	ReloadAssembly (1409ms)
		BeginReloadAssembly (153ms)
			ExecutionOrderSort (0ms)
			DisableScriptedObjects (7ms)
			BackupInstance (0ms)
			ReleaseScriptingObjects (0ms)
			CreateAndSetChildDomain (53ms)
		EndReloadAssembly (1174ms)
			LoadAssemblies (116ms)
			RebuildTransferFunctionScriptingTraits (0ms)
			SetupTypeCache (387ms)
			ReleaseScriptCaches (3ms)
			RebuildScriptCaches (59ms)
			SetupLoadedEditorAssemblies (450ms)
				LogAssemblyErrors (0ms)
				InitializePlatformSupportModulesInManaged (5ms)
				SetLoadedEditorAssemblies (0ms)
				RefreshPlugins (1ms)
				BeforeProcessingInitializeOnLoad (73ms)
				ProcessInitializeOnLoadAttributes (354ms)
				ProcessInitializeOnLoadMethodAttributes (7ms)
				AfterProcessingInitializeOnLoad (9ms)
				EditorAssembliesLoaded (0ms)
			ExecutionOrderSort2 (0ms)
			AwakeInstancesAfterBackupRestoration (10ms)
Platform modules already initialized, skipping
Refreshing native plugins compatible for Editor in 0.72 ms, found 8 plugins.
Preloading 0 native plugins for Editor in 0.00 ms.
Unloading 2346 Unused Serialized files (Serialized files now loaded: 0)
System memory in use before: 117.6 MB.
System memory in use after: 117.8 MB.

Unloading 30 unused Assets to reduce memory usage. Loaded Objects now: 2936.
Total: 3.249400 ms (FindLiveObjects: 0.245500 ms CreateObjectMapping: 0.138900 ms MarkObjects: 2.761400 ms  DeleteObjects: 0.102400 ms)

AssetImportParameters requested are different than current active one (requested -> active):
  custom:framework-win-MediaFoundation: 216162199b28c13a410421893ffa2e32 -> 
  custom:video-decoder-ogg-theora: a1e56fd34408186e4bbccfd4996cb3dc -> 
  custom:container-muxer-webm: aa71ff27fc2769a1b78a27578f13a17b -> 
  custom:container-demuxer-webm: 4f35f7cbe854078d1ac9338744f61a02 -> 
  custom:container-demuxer-ogg: 62fdf1f143b41e24485cea50d1cbac27 -> 
  custom:video-encoder-webm-vp8: eb34c28f22e8b96e1ab97ce403110664 -> 
  custom:video-decoder-webm-vp8: 9c59270c3fd7afecdb556c50c9e8de78 -> 
  custom:audio-decoder-ogg-vorbis: bf7c407c2cedff20999df2af8eb42d56 -> 
  custom:audio-encoder-webm-vorbis: bf7c407c2cedff20999df2af8eb42d56 -> 
========================================================================
Received Prepare
Registering precompiled user dll's ...
Registered in 0.005803 seconds.
Begin MonoManager ReloadAssembly
Native extension for WindowsStandalone target not found
Refreshing native plugins compatible for Editor in 0.62 ms, found 8 plugins.
Preloading 0 native plugins for Editor in 0.00 ms.
Mono: successfully reloaded assembly
- Completed reload, in  1.122 seconds
Domain Reload Profiling:
	ReloadAssembly (1122ms)
		BeginReloadAssembly (123ms)
			ExecutionOrderSort (0ms)
			DisableScriptedObjects (5ms)
			BackupInstance (0ms)
			ReleaseScriptingObjects (0ms)
			CreateAndSetChildDomain (33ms)
		EndReloadAssembly (908ms)
			LoadAssemblies (129ms)
			RebuildTransferFunctionScriptingTraits (0ms)
			SetupTypeCache (283ms)
			ReleaseScriptCaches (1ms)
			RebuildScriptCaches (40ms)
			SetupLoadedEditorAssemblies (319ms)
				LogAssemblyErrors (0ms)
				InitializePlatformSupportModulesInManaged (6ms)
				SetLoadedEditorAssemblies (0ms)
				RefreshPlugins (1ms)
				BeforeProcessingInitializeOnLoad (59ms)
				ProcessInitializeOnLoadAttributes (241ms)
				ProcessInitializeOnLoadMethodAttributes (5ms)
				AfterProcessingInitializeOnLoad (7ms)
				EditorAssembliesLoaded (0ms)
			ExecutionOrderSort2 (0ms)
			AwakeInstancesAfterBackupRestoration (7ms)
Platform modules already initialized, skipping
Refreshing native plugins compatible for Editor in 0.62 ms, found 8 plugins.
Preloading 0 native plugins for Editor in 0.00 ms.
Unloading 2346 Unused Serialized files (Serialized files now loaded: 0)
System memory in use before: 117.5 MB.
System memory in use after: 117.7 MB.

Unloading 30 unused Assets to reduce memory usage. Loaded Objects now: 2939.
Total: 3.036300 ms (FindLiveObjects: 0.218800 ms CreateObjectMapping: 0.088400 ms MarkObjects: 2.637100 ms  DeleteObjects: 0.090800 ms)

AssetImportParameters requested are different than current active one (requested -> active):
  custom:framework-win-MediaFoundation: 216162199b28c13a410421893ffa2e32 -> 
  custom:video-decoder-ogg-theora: a1e56fd34408186e4bbccfd4996cb3dc -> 
  custom:container-muxer-webm: aa71ff27fc2769a1b78a27578f13a17b -> 
  custom:container-demuxer-webm: 4f35f7cbe854078d1ac9338744f61a02 -> 
  custom:container-demuxer-ogg: 62fdf1f143b41e24485cea50d1cbac27 -> 
  custom:video-encoder-webm-vp8: eb34c28f22e8b96e1ab97ce403110664 -> 
  custom:video-decoder-webm-vp8: 9c59270c3fd7afecdb556c50c9e8de78 -> 
  custom:audio-decoder-ogg-vorbis: bf7c407c2cedff20999df2af8eb42d56 -> 
  custom:audio-encoder-webm-vorbis: bf7c407c2cedff20999df2af8eb42d56 -> 
========================================================================
Received Prepare
Registering precompiled user dll's ...
Registered in 0.005413 seconds.
Begin MonoManager ReloadAssembly
Native extension for WindowsStandalone target not found
Refreshing native plugins compatible for Editor in 0.61 ms, found 8 plugins.
Preloading 0 native plugins for Editor in 0.00 ms.
Mono: successfully reloaded assembly
- Completed reload, in  1.036 seconds
Domain Reload Profiling:
	ReloadAssembly (1036ms)
		BeginReloadAssembly (105ms)
			ExecutionOrderSort (0ms)
			DisableScriptedObjects (4ms)
			BackupInstance (0ms)
			ReleaseScriptingObjects (0ms)
			CreateAndSetChildDomain (31ms)
		EndReloadAssembly (856ms)
			LoadAssemblies (86ms)
			RebuildTransferFunctionScriptingTraits (0ms)
			SetupTypeCache (289ms)
			ReleaseScriptCaches (1ms)
			RebuildScriptCaches (40ms)
			SetupLoadedEditorAssemblies (315ms)
				LogAssemblyErrors (0ms)
				InitializePlatformSupportModulesInManaged (4ms)
				SetLoadedEditorAssemblies (0ms)
				RefreshPlugins (1ms)
				BeforeProcessingInitializeOnLoad (54ms)
				ProcessInitializeOnLoadAttributes (244ms)
				ProcessInitializeOnLoadMethodAttributes (5ms)
				AfterProcessingInitializeOnLoad (7ms)
				EditorAssembliesLoaded (0ms)
			ExecutionOrderSort2 (0ms)
			AwakeInstancesAfterBackupRestoration (8ms)
Platform modules already initialized, skipping
Refreshing native plugins compatible for Editor in 0.74 ms, found 8 plugins.
Preloading 0 native plugins for Editor in 0.00 ms.
Unloading 2346 Unused Serialized files (Serialized files now loaded: 0)
System memory in use before: 117.6 MB.
System memory in use after: 117.8 MB.

Unloading 30 unused Assets to reduce memory usage. Loaded Objects now: 2942.
Total: 3.212300 ms (FindLiveObjects: 0.217700 ms CreateObjectMapping: 0.095900 ms MarkObjects: 2.781800 ms  DeleteObjects: 0.115900 ms)

AssetImportParameters requested are different than current active one (requested -> active):
  custom:framework-win-MediaFoundation: 216162199b28c13a410421893ffa2e32 -> 
  custom:video-decoder-ogg-theora: a1e56fd34408186e4bbccfd4996cb3dc -> 
  custom:container-muxer-webm: aa71ff27fc2769a1b78a27578f13a17b -> 
  custom:container-demuxer-webm: 4f35f7cbe854078d1ac9338744f61a02 -> 
  custom:container-demuxer-ogg: 62fdf1f143b41e24485cea50d1cbac27 -> 
  custom:video-encoder-webm-vp8: eb34c28f22e8b96e1ab97ce403110664 -> 
  custom:video-decoder-webm-vp8: 9c59270c3fd7afecdb556c50c9e8de78 -> 
  custom:audio-decoder-ogg-vorbis: bf7c407c2cedff20999df2af8eb42d56 -> 
  custom:audio-encoder-webm-vorbis: bf7c407c2cedff20999df2af8eb42d56 -> 
========================================================================
Received Prepare
Registering precompiled user dll's ...
Registered in 0.008475 seconds.
Begin MonoManager ReloadAssembly
Native extension for WindowsStandalone target not found
Refreshing native plugins compatible for Editor in 0.62 ms, found 8 plugins.
Preloading 0 native plugins for Editor in 0.00 ms.
Mono: successfully reloaded assembly
- Completed reload, in  1.024 seconds
Domain Reload Profiling:
	ReloadAssembly (1025ms)
		BeginReloadAssembly (113ms)
			ExecutionOrderSort (0ms)
			DisableScriptedObjects (5ms)
			BackupInstance (0ms)
			ReleaseScriptingObjects (0ms)
			CreateAndSetChildDomain (34ms)
		EndReloadAssembly (840ms)
			LoadAssemblies (87ms)
			RebuildTransferFunctionScriptingTraits (0ms)
			SetupTypeCache (273ms)
			ReleaseScriptCaches (1ms)
			RebuildScriptCaches (37ms)
			SetupLoadedEditorAssemblies (330ms)
				LogAssemblyErrors (0ms)
				InitializePlatformSupportModulesInManaged (4ms)
				SetLoadedEditorAssemblies (0ms)
				RefreshPlugins (1ms)
				BeforeProcessingInitializeOnLoad (55ms)
				ProcessInitializeOnLoadAttributes (257ms)
				ProcessInitializeOnLoadMethodAttributes (6ms)
				AfterProcessingInitializeOnLoad (7ms)
				EditorAssembliesLoaded (0ms)
			ExecutionOrderSort2 (0ms)
			AwakeInstancesAfterBackupRestoration (8ms)
Platform modules already initialized, skipping
Refreshing native plugins compatible for Editor in 0.63 ms, found 8 plugins.
Preloading 0 native plugins for Editor in 0.00 ms.
Unloading 2346 Unused Serialized files (Serialized files now loaded: 0)
System memory in use before: 117.6 MB.
System memory in use after: 117.8 MB.

Unloading 30 unused Assets to reduce memory usage. Loaded Objects now: 2945.
Total: 3.206100 ms (FindLiveObjects: 0.249300 ms CreateObjectMapping: 0.088900 ms MarkObjects: 2.753600 ms  DeleteObjects: 0.112700 ms)

AssetImportParameters requested are different than current active one (requested -> active):
  custom:framework-win-MediaFoundation: 216162199b28c13a410421893ffa2e32 -> 
  custom:video-decoder-ogg-theora: a1e56fd34408186e4bbccfd4996cb3dc -> 
  custom:container-muxer-webm: aa71ff27fc2769a1b78a27578f13a17b -> 
  custom:container-demuxer-webm: 4f35f7cbe854078d1ac9338744f61a02 -> 
  custom:container-demuxer-ogg: 62fdf1f143b41e24485cea50d1cbac27 -> 
  custom:video-encoder-webm-vp8: eb34c28f22e8b96e1ab97ce403110664 -> 
  custom:video-decoder-webm-vp8: 9c59270c3fd7afecdb556c50c9e8de78 -> 
  custom:audio-decoder-ogg-vorbis: bf7c407c2cedff20999df2af8eb42d56 -> 
  custom:audio-encoder-webm-vorbis: bf7c407c2cedff20999df2af8eb42d56 -> 
========================================================================
Received Import Request.
  Time since last request: 929.235590 seconds.
  path: Assets/medium_v2.fbx
  artifactKey: Guid(a3f2a80fc4a6a314b9ef637cea145d0f) Importer(815301076,1909f56bfc062723c751e8b465ee728b)
Start importing Assets/medium_v2.fbx using Guid(a3f2a80fc4a6a314b9ef637cea145d0f) Importer(815301076,1909f56bfc062723c751e8b465ee728b)  -> (artifact id: '2b887843858846be88607ffff414eb93') in 0.625140 seconds 
  Import took 0.629535 seconds .

========================================================================
Received Import Request.
  Time since last request: 501.765650 seconds.
  path: Assets/Scripts/SetMaterial.cs
  artifactKey: Guid(9de25d6040f832f4bb6a629075c00255) Importer(815301076,1909f56bfc062723c751e8b465ee728b)
Start importing Assets/Scripts/SetMaterial.cs using Guid(9de25d6040f832f4bb6a629075c00255) Importer(815301076,1909f56bfc062723c751e8b465ee728b)  -> (artifact id: 'b87b7227d7f63a75fa8e4037cf7bdce9') in 0.003014 seconds 
  Import took 0.008032 seconds .

========================================================================
Received Import Request.
  Time since last request: 125.286748 seconds.
  path: Assets/Scripts/SetMaterial.cs
  artifactKey: Guid(9de25d6040f832f4bb6a629075c00255) Importer(815301076,1909f56bfc062723c751e8b465ee728b)
Start importing Assets/Scripts/SetMaterial.cs using Guid(9de25d6040f832f4bb6a629075c00255) Importer(815301076,1909f56bfc062723c751e8b465ee728b)  -> (artifact id: '8dd285e6dda8529ecc24c469f7849939') in 0.005923 seconds 
  Import took 0.011982 seconds .

========================================================================
Received Import Request.
  Time since last request: 252.421444 seconds.
  path: Assets/prot1-split-solidify.fbx
  artifactKey: Guid(f6804b20e9d21c14eb6645dcbb34a09c) Importer(815301076,1909f56bfc062723c751e8b465ee728b)
Start importing Assets/prot1-split-solidify.fbx using Guid(f6804b20e9d21c14eb6645dcbb34a09c) Importer(815301076,1909f56bfc062723c751e8b465ee728b)  -> (artifact id: '41a53c852254197f262453901e59592e') in 1.393355 seconds 
  Import took 1.400755 seconds .

========================================================================
Received Prepare
Registering precompiled user dll's ...
Registered in 0.004903 seconds.
Begin MonoManager ReloadAssembly
Native extension for WindowsStandalone target not found
Refreshing native plugins compatible for Editor in 0.64 ms, found 8 plugins.
Preloading 0 native plugins for Editor in 0.00 ms.
Mono: successfully reloaded assembly
- Completed reload, in  1.009 seconds
Domain Reload Profiling:
	ReloadAssembly (1010ms)
		BeginReloadAssembly (109ms)
			ExecutionOrderSort (0ms)
			DisableScriptedObjects (4ms)
			BackupInstance (0ms)
			ReleaseScriptingObjects (0ms)
			CreateAndSetChildDomain (34ms)
		EndReloadAssembly (843ms)
			LoadAssemblies (95ms)
			RebuildTransferFunctionScriptingTraits (0ms)
			SetupTypeCache (269ms)
			ReleaseScriptCaches (1ms)
			RebuildScriptCaches (39ms)
			SetupLoadedEditorAssemblies (312ms)
				LogAssemblyErrors (0ms)
				InitializePlatformSupportModulesInManaged (4ms)
				SetLoadedEditorAssemblies (0ms)
				RefreshPlugins (1ms)
				BeforeProcessingInitializeOnLoad (55ms)
				ProcessInitializeOnLoadAttributes (240ms)
				ProcessInitializeOnLoadMethodAttributes (5ms)
				AfterProcessingInitializeOnLoad (7ms)
				EditorAssembliesLoaded (0ms)
			ExecutionOrderSort2 (0ms)
			AwakeInstancesAfterBackupRestoration (8ms)
Platform modules already initialized, skipping
Refreshing native plugins compatible for Editor in 0.65 ms, found 8 plugins.
Preloading 0 native plugins for Editor in 0.00 ms.
Unloading 2345 Unused Serialized files (Serialized files now loaded: 0)
System memory in use before: 118.5 MB.
System memory in use after: 118.7 MB.

Unloading 31 unused Assets to reduce memory usage. Loaded Objects now: 2948.
Total: 3.184500 ms (FindLiveObjects: 0.260100 ms CreateObjectMapping: 0.098400 ms MarkObjects: 2.720300 ms  DeleteObjects: 0.104400 ms)

AssetImportParameters requested are different than current active one (requested -> active):
  custom:framework-win-MediaFoundation: 216162199b28c13a410421893ffa2e32 -> 
  custom:video-decoder-ogg-theora: a1e56fd34408186e4bbccfd4996cb3dc -> 
  custom:container-muxer-webm: aa71ff27fc2769a1b78a27578f13a17b -> 
  custom:container-demuxer-webm: 4f35f7cbe854078d1ac9338744f61a02 -> 
  custom:container-demuxer-ogg: 62fdf1f143b41e24485cea50d1cbac27 -> 
  custom:video-encoder-webm-vp8: eb34c28f22e8b96e1ab97ce403110664 -> 
  custom:video-decoder-webm-vp8: 9c59270c3fd7afecdb556c50c9e8de78 -> 
  custom:audio-decoder-ogg-vorbis: bf7c407c2cedff20999df2af8eb42d56 -> 
  custom:audio-encoder-webm-vorbis: bf7c407c2cedff20999df2af8eb42d56 -> 
========================================================================
Received Import Request.
  Time since last request: 333.796374 seconds.
  path: Assets/Scripts/NewBehaviourScript.cs
  artifactKey: Guid(7b26439858bc4ee409f94e96858f9fb0) Importer(815301076,1909f56bfc062723c751e8b465ee728b)
Start importing Assets/Scripts/NewBehaviourScript.cs using Guid(7b26439858bc4ee409f94e96858f9fb0) Importer(815301076,1909f56bfc062723c751e8b465ee728b)  -> (artifact id: '3b6bf7aa39cea9b7b8ddd95830fa35cc') in 0.006528 seconds 
  Import took 0.010369 seconds .

========================================================================
Received Prepare
Registering precompiled user dll's ...
Registered in 0.004811 seconds.
Begin MonoManager ReloadAssembly
Native extension for WindowsStandalone target not found
Refreshing native plugins compatible for Editor in 0.61 ms, found 8 plugins.
Preloading 0 native plugins for Editor in 0.00 ms.
Mono: successfully reloaded assembly
- Completed reload, in  1.045 seconds
Domain Reload Profiling:
	ReloadAssembly (1045ms)
		BeginReloadAssembly (120ms)
			ExecutionOrderSort (0ms)
			DisableScriptedObjects (4ms)
			BackupInstance (0ms)
			ReleaseScriptingObjects (0ms)
			CreateAndSetChildDomain (31ms)
		EndReloadAssembly (855ms)
			LoadAssemblies (93ms)
			RebuildTransferFunctionScriptingTraits (0ms)
			SetupTypeCache (297ms)
			ReleaseScriptCaches (2ms)
			RebuildScriptCaches (46ms)
			SetupLoadedEditorAssemblies (308ms)
				LogAssemblyErrors (0ms)
				InitializePlatformSupportModulesInManaged (4ms)
				SetLoadedEditorAssemblies (0ms)
				RefreshPlugins (1ms)
				BeforeProcessingInitializeOnLoad (54ms)
				ProcessInitializeOnLoadAttributes (237ms)
				ProcessInitializeOnLoadMethodAttributes (5ms)
				AfterProcessingInitializeOnLoad (7ms)
				EditorAssembliesLoaded (0ms)
			ExecutionOrderSort2 (0ms)
			AwakeInstancesAfterBackupRestoration (8ms)
Platform modules already initialized, skipping
Refreshing native plugins compatible for Editor in 0.61 ms, found 8 plugins.
Preloading 0 native plugins for Editor in 0.00 ms.
Unloading 2346 Unused Serialized files (Serialized files now loaded: 0)
System memory in use before: 118.5 MB.
System memory in use after: 118.7 MB.

Unloading 30 unused Assets to reduce memory usage. Loaded Objects now: 2952.
Total: 3.621400 ms (FindLiveObjects: 0.269100 ms CreateObjectMapping: 0.189700 ms MarkObjects: 3.066700 ms  DeleteObjects: 0.095000 ms)

AssetImportParameters requested are different than current active one (requested -> active):
  custom:framework-win-MediaFoundation: 216162199b28c13a410421893ffa2e32 -> 
  custom:video-decoder-ogg-theora: a1e56fd34408186e4bbccfd4996cb3dc -> 
  custom:container-muxer-webm: aa71ff27fc2769a1b78a27578f13a17b -> 
  custom:container-demuxer-webm: 4f35f7cbe854078d1ac9338744f61a02 -> 
  custom:container-demuxer-ogg: 62fdf1f143b41e24485cea50d1cbac27 -> 
  custom:video-encoder-webm-vp8: eb34c28f22e8b96e1ab97ce403110664 -> 
  custom:video-decoder-webm-vp8: 9c59270c3fd7afecdb556c50c9e8de78 -> 
  custom:audio-decoder-ogg-vorbis: bf7c407c2cedff20999df2af8eb42d56 -> 
  custom:audio-encoder-webm-vorbis: bf7c407c2cedff20999df2af8eb42d56 -> 
========================================================================
Received Import Request.
  Time since last request: 11.517013 seconds.
  path: Assets/Scripts/NewBehaviourScript.cs
  artifactKey: Guid(7b26439858bc4ee409f94e96858f9fb0) Importer(815301076,1909f56bfc062723c751e8b465ee728b)
Start importing Assets/Scripts/NewBehaviourScript.cs using Guid(7b26439858bc4ee409f94e96858f9fb0) Importer(815301076,1909f56bfc062723c751e8b465ee728b)  -> (artifact id: '3da7eb30427db3b184ece2d69dda10ab') in 0.015290 seconds 
  Import took 0.026056 seconds .

AssetImportWorkerClient::OnTransportError - code=2 error=End of file
